This file contains any messages produced by compilers while
running configure, to aid debugging if configure makes a mistake.

It was created by configure, which was
generated by GNU Autoconf 2.65.  Invocation command line was

  $ ./configure 

## --------- ##
## Platform. ##
## --------- ##

hostname = node1
uname -m = x86_64
uname -r = 5.4.0-124-generic
uname -s = Linux
uname -v = #140-Ubuntu SMP Thu Aug 4 02:23:37 UTC 2022

/usr/bin/uname -p = x86_64
/bin/uname -X     = unknown

/bin/arch              = x86_64
/usr/bin/arch -k       = unknown
/usr/convex/getsysinfo = unknown
/usr/bin/hostinfo      = unknown
/bin/machine           = unknown
/usr/bin/oslevel       = unknown
/bin/universe          = unknown

PATH: /home/mcloud/.local/bin
PATH: /usr/local/sbin
PATH: /usr/local/bin
PATH: /usr/sbin
PATH: /usr/bin
PATH: /sbin
PATH: /bin
PATH: /usr/games
PATH: /usr/local/games
PATH: /snap/bin


## ----------- ##
## Core tests. ##
## ----------- ##

configure:2565: checking for a BSD-compatible install
configure:2633: result: /usr/bin/install -c
configure:2644: checking whether build environment is sane
configure:2694: result: yes
configure:2835: checking for a thread-safe mkdir -p
configure:2874: result: /usr/bin/mkdir -p
configure:2887: checking for gawk
configure:2903: found /usr/bin/gawk
configure:2914: result: gawk
configure:2925: checking whether make sets $(MAKE)
configure:2947: result: yes
configure:3034: checking build system type
configure:3048: result: x86_64-unknown-linux-gnu
configure:3068: checking host system type
configure:3081: result: x86_64-unknown-linux-gnu
configure:3158: checking for gcc
configure:3174: found /usr/bin/gcc
configure:3185: result: gcc
configure:3414: checking for C compiler version
configure:3423: gcc --version >&5
gcc (Ubuntu 9.4.0-1ubuntu1~20.04.1) 9.4.0
Copyright (C) 2019 Free Software Foundation, Inc.
This is free software; see the source for copying conditions.  There is NO
warranty; not even for MERCHANTABILITY or FITNESS FOR A PARTICULAR PURPOSE.

configure:3434: $? = 0
configure:3423: gcc -v >&5
Using built-in specs.
COLLECT_GCC=gcc
COLLECT_LTO_WRAPPER=/usr/lib/gcc/x86_64-linux-gnu/9/lto-wrapper
OFFLOAD_TARGET_NAMES=nvptx-none:hsa
OFFLOAD_TARGET_DEFAULT=1
Target: x86_64-linux-gnu
Configured with: ../src/configure -v --with-pkgversion='Ubuntu 9.4.0-1ubuntu1~20.04.1' --with-bugurl=file:///usr/share/doc/gcc-9/README.Bugs --enable-languages=c,ada,c++,go,brig,d,fortran,objc,obj-c++,gm2 --prefix=/usr --with-gcc-major-version-only --program-suffix=-9 --program-prefix=x86_64-linux-gnu- --enable-shared --enable-linker-build-id --libexecdir=/usr/lib --without-included-gettext --enable-threads=posix --libdir=/usr/lib --enable-nls --enable-clocale=gnu --enable-libstdcxx-debug --enable-libstdcxx-time=yes --with-default-libstdcxx-abi=new --enable-gnu-unique-object --disable-vtable-verify --enable-plugin --enable-default-pie --with-system-zlib --with-target-system-zlib=auto --enable-objc-gc=auto --enable-multiarch --disable-werror --with-arch-32=i686 --with-abi=m64 --with-multilib-list=m32,m64,mx32 --enable-multilib --with-tune=generic --enable-offload-targets=nvptx-none=/build/gcc-9-Av3uEd/gcc-9-9.4.0/debian/tmp-nvptx/usr,hsa --without-cuda-driver --enable-checking=release --build=x86_64-linux-gnu --host=x86_64-linux-gnu --target=x86_64-linux-gnu
Thread model: posix
gcc version 9.4.0 (Ubuntu 9.4.0-1ubuntu1~20.04.1) 
configure:3434: $? = 0
configure:3423: gcc -V >&5
gcc: error: unrecognized command line option '-V'
gcc: fatal error: no input files
compilation terminated.
configure:3434: $? = 1
configure:3423: gcc -qversion >&5
gcc: error: unrecognized command line option '-qversion'; did you mean '--version'?
gcc: fatal error: no input files
compilation terminated.
configure:3434: $? = 1
configure:3454: checking whether the C compiler works
configure:3476: gcc    conftest.c  >&5
configure:3480: $? = 0
configure:3529: result: yes
configure:3532: checking for C compiler default output file name
configure:3534: result: a.out
configure:3540: checking for suffix of executables
configure:3547: gcc -o conftest    conftest.c  >&5
configure:3551: $? = 0
configure:3573: result: 
configure:3595: checking whether we are cross compiling
configure:3603: gcc -o conftest    conftest.c  >&5
configure:3607: $? = 0
configure:3614: ./conftest
configure:3618: $? = 0
configure:3606: result: no
configure:3611: checking for suffix of object files
configure:3633: gcc -c   conftest.c >&5
configure:3637: $? = 0
configure:3658: result: o
configure:3662: checking whether we are using the GNU C compiler
configure:3681: gcc -c   conftest.c >&5
configure:3681: $? = 0
configure:3690: result: yes
configure:3699: checking whether gcc accepts -g
configure:3719: gcc -c -g  conftest.c >&5
configure:3719: $? = 0
configure:3760: result: yes
configure:3777: checking for gcc option to accept ISO C89
configure:3841: gcc  -c -g -O2  conftest.c >&5
configure:3841: $? = 0
configure:3854: result: none needed
configure:3885: checking for style of include used by make
configure:3913: result: GNU
configure:3938: checking dependency style of gcc
configure:4048: result: gcc3
configure:4064: checking whether ln -s works
configure:4068: result: yes
configure:4082: checking how to run the C preprocessor
configure:4113: gcc -E  conftest.c
configure:4113: $? = 0
configure:4127: gcc -E  conftest.c
conftest.c:12:10: fatal error: ac_nonexistent.h: No such file or directory
   12 | #include <ac_nonexistent.h>
      |          ^~~~~~~~~~~~~~~~~~
compilation terminated.
configure:4127: $? = 1
configure: failed program was:
| /* confdefs.h */
| #define PACKAGE_NAME ""
| #define PACKAGE_TARNAME ""
| #define PACKAGE_VERSION ""
| #define PACKAGE_STRING ""
| #define PACKAGE_BUGREPORT ""
| #define PACKAGE_URL ""
| #define PACKAGE "libevent"
| #define VERSION "1.4.14b-stable"
| #define NUMERIC_VERSION 0x01040e00
| /* end confdefs.h.  */
| #include <ac_nonexistent.h>
configure:4152: result: gcc -E
configure:4172: gcc -E  conftest.c
configure:4172: $? = 0
configure:4186: gcc -E  conftest.c
conftest.c:12:10: fatal error: ac_nonexistent.h: No such file or directory
   12 | #include <ac_nonexistent.h>
      |          ^~~~~~~~~~~~~~~~~~
compilation terminated.
configure:4186: $? = 1
configure: failed program was:
| /* confdefs.h */
| #define PACKAGE_NAME ""
| #define PACKAGE_TARNAME ""
| #define PACKAGE_VERSION ""
| #define PACKAGE_STRING ""
| #define PACKAGE_BUGREPORT ""
| #define PACKAGE_URL ""
| #define PACKAGE "libevent"
| #define VERSION "1.4.14b-stable"
| #define NUMERIC_VERSION 0x01040e00
| /* end confdefs.h.  */
| #include <ac_nonexistent.h>
configure:4215: checking for grep that handles long lines and -e
configure:4273: result: /usr/bin/grep
configure:4278: checking for egrep
configure:4340: result: /usr/bin/grep -E
configure:4346: checking whether gcc needs -traditional
configure:4380: result: no
configure:4394: checking whether we need extra flags to make libc reentrant
configure:4408: result: no
configure:4444: checking for a sed that does not truncate output
configure:4508: result: /usr/bin/sed
configure:4526: checking for fgrep
configure:4588: result: /usr/bin/grep -F
configure:4623: checking for ld used by gcc
configure:4690: result: /usr/bin/ld
configure:4697: checking if the linker (/usr/bin/ld) is GNU ld
configure:4712: result: yes
configure:4724: checking for BSD- or MS-compatible name lister (nm)
configure:4773: result: /usr/bin/nm -B
configure:4891: checking the name lister (/usr/bin/nm -B) interface
configure:4929: gcc -c -g -O2 -Wall -fno-strict-aliasing  conftest.c >&5
configure:4932: /usr/bin/nm -B "conftest.o"
configure:4935: output
0000000000000000 B some_variable
configure:4905: result: BSD nm
configure:4909: checking the maximum length of command line arguments
configure:5029: result: 1572864
configure:5046: checking whether the shell understands some XSI constructs
configure:5055: result: yes
configure:5059: checking whether the shell understands "+="
configure:5063: result: yes
configure:5098: checking for /usr/bin/ld option to reload object files
configure:5105: result: -r
configure:5174: checking for objdump
configure:5190: found /usr/bin/objdump
configure:5201: result: objdump
configure:5233: checking how to recognize dependent libraries
configure:5429: result: pass_all
configure:5489: checking for ar
configure:5505: found /usr/bin/ar
configure:5516: result: ar
configure:5594: checking for strip
configure:5610: found /usr/bin/strip
configure:5621: result: strip
configure:5693: checking for ranlib
configure:5709: found /usr/bin/ranlib
configure:5720: result: ranlib
configure:5810: checking command to parse /usr/bin/nm -B output from gcc object
configure:5928: gcc -c -g -O2 -Wall -fno-strict-aliasing  conftest.c >&5
configure:5931: $? = 0
configure:5935: /usr/bin/nm -B conftest.o \| sed -n -e 's/^.*[	 ]\([ABCDGIRSTW][ABCDGIRSTW]*\)[	 ][	 ]*\([_A-Za-z][_A-Za-z0-9]*\)$/\1 \2 \2/p' \> conftest.nm
configure:5938: $? = 0
configure:5992: gcc -o conftest -g -O2 -Wall -fno-strict-aliasing   conftest.c conftstm.o >&5
configure:5995: $? = 0
configure:6033: result: ok
configure:6128: gcc -c -g -O2 -Wall -fno-strict-aliasing  conftest.c >&5
configure:6131: $? = 0
configure:6836: checking for ANSI C header files
configure:6856: gcc -c -g -O2 -Wall -fno-strict-aliasing  conftest.c >&5
configure:6856: $? = 0
configure:6929: gcc -o conftest -g -O2 -Wall -fno-strict-aliasing   conftest.c  >&5
configure:6929: $? = 0
configure:6929: ./conftest
configure:6929: $? = 0
configure:6940: result: yes
configure:6953: checking for sys/types.h
configure:6953: gcc -c -g -O2 -Wall -fno-strict-aliasing  conftest.c >&5
configure:6953: $? = 0
configure:6953: result: yes
configure:6953: checking for sys/stat.h
configure:6953: gcc -c -g -O2 -Wall -fno-strict-aliasing  conftest.c >&5
configure:6953: $? = 0
configure:6953: result: yes
configure:6953: checking for stdlib.h
configure:6953: gcc -c -g -O2 -Wall -fno-strict-aliasing  conftest.c >&5
configure:6953: $? = 0
configure:6953: result: yes
configure:6953: checking for string.h
configure:6953: gcc -c -g -O2 -Wall -fno-strict-aliasing  conftest.c >&5
configure:6953: $? = 0
configure:6953: result: yes
configure:6953: checking for memory.h
configure:6953: gcc -c -g -O2 -Wall -fno-strict-aliasing  conftest.c >&5
configure:6953: $? = 0
configure:6953: result: yes
configure:6953: checking for strings.h
configure:6953: gcc -c -g -O2 -Wall -fno-strict-aliasing  conftest.c >&5
configure:6953: $? = 0
configure:6953: result: yes
configure:6953: checking for inttypes.h
configure:6953: gcc -c -g -O2 -Wall -fno-strict-aliasing  conftest.c >&5
configure:6953: $? = 0
configure:6953: result: yes
configure:6953: checking for stdint.h
configure:6953: gcc -c -g -O2 -Wall -fno-strict-aliasing  conftest.c >&5
configure:6953: $? = 0
configure:6953: result: yes
configure:6953: checking for unistd.h
configure:6953: gcc -c -g -O2 -Wall -fno-strict-aliasing  conftest.c >&5
configure:6953: $? = 0
configure:6953: result: yes
configure:6968: checking for dlfcn.h
configure:6968: gcc -c -g -O2 -Wall -fno-strict-aliasing  conftest.c >&5
configure:6968: $? = 0
configure:6968: result: yes
configure:7152: checking for objdir
configure:7167: result: .libs
configure:7459: checking if gcc supports -fno-rtti -fno-exceptions
configure:7517: gcc -c -g -O2 -Wall -fno-strict-aliasing  -fno-rtti -fno-exceptions conftest.c >&5
cc1: warning: command line option '-fno-rtti' is valid for C++/D/ObjC++ but not for C
configure:7521: $? = 0
configure:7494: result: no
configure:7514: checking for gcc option to produce PIC
configure:7786: result: -fPIC -DPIC
configure:7798: checking if gcc PIC flag -fPIC -DPIC works
configure:7856: gcc -c -g -O2 -Wall -fno-strict-aliasing  -fPIC -DPIC -DPIC conftest.c >&5
configure:7860: $? = 0
configure:7833: result: yes
configure:7857: checking if gcc static flag -static works
configure:7885: result: yes
configure:7900: checking if gcc supports -c -o file.o
configure:7961: gcc -c -g -O2 -Wall -fno-strict-aliasing  -o out/conftest2.o conftest.c >&5
configure:7965: $? = 0
configure:7947: result: yes
configure:7955: checking if gcc supports -c -o file.o
configure:8002: result: yes
configure:8035: checking whether the gcc linker (/usr/bin/ld -m elf_x86_64) supports shared libraries
configure:9021: result: yes
configure:9058: checking whether -lc should be explicitly linked in
configure:9063: gcc -c -g -O2 -Wall -fno-strict-aliasing  conftest.c >&5
configure:9066: $? = 0
configure:9081: gcc -shared conftest.o  -v -Wl,-soname -Wl,conftest -o conftest 2\>\&1 \| /usr/bin/grep  -lc  \>/dev/null 2\>\&1
configure:9084: $? = 0
configure:9096: result: no
configure:9260: checking dynamic linker characteristics
configure:9693: gcc -o conftest -g -O2 -Wall -fno-strict-aliasing   -Wl,-rpath -Wl,/foo conftest.c  >&5
configure:9693: $? = 0
configure:9911: result: GNU/Linux ld.so
configure:10013: checking how to hardcode library paths into programs
configure:10038: result: immediate
configure:10558: checking whether stripping libraries is possible
configure:10563: result: yes
configure:10598: checking if libtool supports shared libraries
configure:10600: result: yes
configure:10603: checking whether to build shared libraries
configure:10624: result: yes
configure:10627: checking whether to build static libraries
configure:10631: result: yes
configure:7954: checking for socket in -lsocket
configure:7979: gcc -o conftest -g -O2 -Wall -fno-strict-aliasing   conftest.c -lsocket   >&5
/usr/bin/ld: cannot find -lsocket
collect2: error: ld returned 1 exit status
configure:7979: $? = 1
configure: failed program was:
| /* confdefs.h */
| #define PACKAGE_NAME ""
| #define PACKAGE_TARNAME ""
| #define PACKAGE_VERSION ""
| #define PACKAGE_STRING ""
| #define PACKAGE_BUGREPORT ""
| #define PACKAGE_URL ""
| #define PACKAGE "libevent"
| #define VERSION "1.4.14b-stable"
| #define NUMERIC_VERSION 0x01040e00
| #define STDC_HEADERS 1
| #define HAVE_SYS_TYPES_H 1
| #define HAVE_SYS_STAT_H 1
| #define HAVE_STDLIB_H 1
| #define HAVE_STRING_H 1
| #define HAVE_MEMORY_H 1
| #define HAVE_STRINGS_H 1
| #define HAVE_INTTYPES_H 1
| #define HAVE_STDINT_H 1
| #define HAVE_UNISTD_H 1
| #define HAVE_DLFCN_H 1
| #define LT_OBJDIR ".libs/"
| /* end confdefs.h.  */
| 
| /* Override any GCC internal prototype to avoid an error.
|    Use char because int might match the return type of a GCC
|    builtin and then its argument prototype would still apply.  */
| #ifdef __cplusplus
| extern "C"
| #endif
| char socket ();
| int
| main ()
| {
| return socket ();
|   ;
|   return 0;
| }
configure:7988: result: no
configure:7999: checking for inet_aton in -lresolv
configure:8024: gcc -o conftest -g -O2 -Wall -fno-strict-aliasing   conftest.c -lresolv   >&5
configure:8024: $? = 0
configure:8033: result: yes
configure:8044: checking for clock_gettime in -lrt
configure:8069: gcc -o conftest -g -O2 -Wall -fno-strict-aliasing   conftest.c -lrt  -lresolv  >&5
configure:8069: $? = 0
configure:8078: result: yes
configure:8089: checking for inet_ntoa in -lnsl
configure:8114: gcc -o conftest -g -O2 -Wall -fno-strict-aliasing   conftest.c -lnsl  -lrt -lresolv  >&5
configure:8114: $? = 0
configure:8123: result: yes
configure:8135: checking for ANSI C header files
configure:8239: result: yes
configure:8250: checking fcntl.h usability
configure:8250: gcc -c -g -O2 -Wall -fno-strict-aliasing  conftest.c >&5
configure:8250: $? = 0
configure:8250: result: yes
configure:8250: checking fcntl.h presence
configure:8250: gcc -E  conftest.c
configure:8250: $? = 0
configure:8250: result: yes
configure:8250: checking for fcntl.h
configure:8250: result: yes
configure:8250: checking stdarg.h usability
configure:8250: gcc -c -g -O2 -Wall -fno-strict-aliasing  conftest.c >&5
configure:8250: $? = 0
configure:8250: result: yes
configure:8250: checking stdarg.h presence
configure:8250: gcc -E  conftest.c
configure:8250: $? = 0
configure:8250: result: yes
configure:8250: checking for stdarg.h
configure:8250: result: yes
configure:8250: checking for inttypes.h
configure:8250: result: yes
configure:8250: checking for stdint.h
configure:8250: result: yes
configure:8250: checking poll.h usability
configure:8250: gcc -c -g -O2 -Wall -fno-strict-aliasing  conftest.c >&5
configure:8250: $? = 0
configure:8250: result: yes
configure:8250: checking poll.h presence
configure:8250: gcc -E  conftest.c
configure:8250: $? = 0
configure:8250: result: yes
configure:8250: checking for poll.h
configure:8250: result: yes
configure:8250: checking signal.h usability
configure:8250: gcc -c -g -O2 -Wall -fno-strict-aliasing  conftest.c >&5
configure:8250: $? = 0
configure:8250: result: yes
configure:8250: checking signal.h presence
configure:8250: gcc -E  conftest.c
configure:8250: $? = 0
configure:8250: result: yes
configure:8250: checking for signal.h
configure:8250: result: yes
configure:8250: checking for unistd.h
configure:8250: result: yes
configure:8250: checking sys/epoll.h usability
configure:8250: gcc -c -g -O2 -Wall -fno-strict-aliasing  conftest.c >&5
configure:8250: $? = 0
configure:8250: result: yes
configure:8250: checking sys/epoll.h presence
configure:8250: gcc -E  conftest.c
configure:8250: $? = 0
configure:8250: result: yes
configure:8250: checking for sys/epoll.h
configure:8250: result: yes
configure:8250: checking sys/time.h usability
configure:8250: gcc -c -g -O2 -Wall -fno-strict-aliasing  conftest.c >&5
configure:8250: $? = 0
configure:8250: result: yes
configure:8250: checking sys/time.h presence
configure:8250: gcc -E  conftest.c
configure:8250: $? = 0
configure:8250: result: yes
configure:8250: checking for sys/time.h
configure:8250: result: yes
configure:8250: checking sys/queue.h usability
configure:8250: gcc -c -g -O2 -Wall -fno-strict-aliasing  conftest.c >&5
configure:8250: $? = 0
configure:8250: result: yes
configure:8250: checking sys/queue.h presence
configure:8250: gcc -E  conftest.c
configure:8250: $? = 0
configure:8250: result: yes
configure:8250: checking for sys/queue.h
configure:8250: result: yes
configure:8250: checking sys/event.h usability
configure:8250: gcc -c -g -O2 -Wall -fno-strict-aliasing  conftest.c >&5
conftest.c:71:10: fatal error: sys/event.h: No such file or directory
   71 | #include <sys/event.h>
      |          ^~~~~~~~~~~~~
compilation terminated.
configure:8250: $? = 1
configure: failed program was:
| /* confdefs.h */
| #define PACKAGE_NAME ""
| #define PACKAGE_TARNAME ""
| #define PACKAGE_VERSION ""
| #define PACKAGE_STRING ""
| #define PACKAGE_BUGREPORT ""
| #define PACKAGE_URL ""
| #define PACKAGE "libevent"
| #define VERSION "1.4.14b-stable"
| #define NUMERIC_VERSION 0x01040e00
| #define STDC_HEADERS 1
| #define HAVE_SYS_TYPES_H 1
| #define HAVE_SYS_STAT_H 1
| #define HAVE_STDLIB_H 1
| #define HAVE_STRING_H 1
| #define HAVE_MEMORY_H 1
| #define HAVE_STRINGS_H 1
| #define HAVE_INTTYPES_H 1
| #define HAVE_STDINT_H 1
| #define HAVE_UNISTD_H 1
| #define HAVE_DLFCN_H 1
| #define LT_OBJDIR ".libs/"
| #define HAVE_LIBRESOLV 1
| #define HAVE_LIBRT 1
| #define HAVE_LIBNSL 1
| #define STDC_HEADERS 1
| #define HAVE_FCNTL_H 1
| #define HAVE_STDARG_H 1
| #define HAVE_INTTYPES_H 1
| #define HAVE_STDINT_H 1
| #define HAVE_POLL_H 1
| #define HAVE_SIGNAL_H 1
| #define HAVE_UNISTD_H 1
| #define HAVE_SYS_EPOLL_H 1
| #define HAVE_SYS_TIME_H 1
| #define HAVE_SYS_QUEUE_H 1
| /* end confdefs.h.  */
| #include <stdio.h>
| #ifdef HAVE_SYS_TYPES_H
| # include <sys/types.h>
| #endif
| #ifdef HAVE_SYS_STAT_H
| # include <sys/stat.h>
| #endif
| #ifdef STDC_HEADERS
| # include <stdlib.h>
| # include <stddef.h>
| #else
| # ifdef HAVE_STDLIB_H
| #  include <stdlib.h>
| # endif
| #endif
| #ifdef HAVE_STRING_H
| # if !defined STDC_HEADERS && defined HAVE_MEMORY_H
| #  include <memory.h>
| # endif
| # include <string.h>
| #endif
| #ifdef HAVE_STRINGS_H
| # include <strings.h>
| #endif
| #ifdef HAVE_INTTYPES_H
| # include <inttypes.h>
| #endif
| #ifdef HAVE_STDINT_H
| # include <stdint.h>
| #endif
| #ifdef HAVE_UNISTD_H
| # include <unistd.h>
| #endif
| #include <sys/event.h>
configure:8250: result: no
configure:8250: checking sys/event.h presence
configure:8250: gcc -E  conftest.c
conftest.c:38:10: fatal error: sys/event.h: No such file or directory
   38 | #include <sys/event.h>
      |          ^~~~~~~~~~~~~
compilation terminated.
configure:8250: $? = 1
configure: failed program was:
| /* confdefs.h */
| #define PACKAGE_NAME ""
| #define PACKAGE_TARNAME ""
| #define PACKAGE_VERSION ""
| #define PACKAGE_STRING ""
| #define PACKAGE_BUGREPORT ""
| #define PACKAGE_URL ""
| #define PACKAGE "libevent"
| #define VERSION "1.4.14b-stable"
| #define NUMERIC_VERSION 0x01040e00
| #define STDC_HEADERS 1
| #define HAVE_SYS_TYPES_H 1
| #define HAVE_SYS_STAT_H 1
| #define HAVE_STDLIB_H 1
| #define HAVE_STRING_H 1
| #define HAVE_MEMORY_H 1
| #define HAVE_STRINGS_H 1
| #define HAVE_INTTYPES_H 1
| #define HAVE_STDINT_H 1
| #define HAVE_UNISTD_H 1
| #define HAVE_DLFCN_H 1
| #define LT_OBJDIR ".libs/"
| #define HAVE_LIBRESOLV 1
| #define HAVE_LIBRT 1
| #define HAVE_LIBNSL 1
| #define STDC_HEADERS 1
| #define HAVE_FCNTL_H 1
| #define HAVE_STDARG_H 1
| #define HAVE_INTTYPES_H 1
| #define HAVE_STDINT_H 1
| #define HAVE_POLL_H 1
| #define HAVE_SIGNAL_H 1
| #define HAVE_UNISTD_H 1
| #define HAVE_SYS_EPOLL_H 1
| #define HAVE_SYS_TIME_H 1
| #define HAVE_SYS_QUEUE_H 1
| /* end confdefs.h.  */
| #include <sys/event.h>
configure:8250: result: no
configure:8250: checking for sys/event.h
configure:8250: result: no
configure:8250: checking sys/param.h usability
configure:8250: gcc -c -g -O2 -Wall -fno-strict-aliasing  conftest.c >&5
configure:8250: $? = 0
configure:8250: result: yes
configure:8250: checking sys/param.h presence
configure:8250: gcc -E  conftest.c
configure:8250: $? = 0
configure:8250: result: yes
configure:8250: checking for sys/param.h
configure:8250: result: yes
configure:8250: checking sys/ioctl.h usability
configure:8250: gcc -c -g -O2 -Wall -fno-strict-aliasing  conftest.c >&5
configure:8250: $? = 0
configure:8250: result: yes
configure:8250: checking sys/ioctl.h presence
configure:8250: gcc -E  conftest.c
configure:8250: $? = 0
configure:8250: result: yes
configure:8250: checking for sys/ioctl.h
configure:8250: result: yes
configure:8250: checking sys/select.h usability
configure:8250: gcc -c -g -O2 -Wall -fno-strict-aliasing  conftest.c >&5
configure:8250: $? = 0
configure:8250: result: yes
configure:8250: checking sys/select.h presence
configure:8250: gcc -E  conftest.c
configure:8250: $? = 0
configure:8250: result: yes
configure:8250: checking for sys/select.h
configure:8250: result: yes
configure:8250: checking sys/devpoll.h usability
configure:8250: gcc -c -g -O2 -Wall -fno-strict-aliasing  conftest.c >&5
conftest.c:74:10: fatal error: sys/devpoll.h: No such file or directory
   74 | #include <sys/devpoll.h>
      |          ^~~~~~~~~~~~~~~
compilation terminated.
configure:8250: $? = 1
configure: failed program was:
| /* confdefs.h */
| #define PACKAGE_NAME ""
| #define PACKAGE_TARNAME ""
| #define PACKAGE_VERSION ""
| #define PACKAGE_STRING ""
| #define PACKAGE_BUGREPORT ""
| #define PACKAGE_URL ""
| #define PACKAGE "libevent"
| #define VERSION "1.4.14b-stable"
| #define NUMERIC_VERSION 0x01040e00
| #define STDC_HEADERS 1
| #define HAVE_SYS_TYPES_H 1
| #define HAVE_SYS_STAT_H 1
| #define HAVE_STDLIB_H 1
| #define HAVE_STRING_H 1
| #define HAVE_MEMORY_H 1
| #define HAVE_STRINGS_H 1
| #define HAVE_INTTYPES_H 1
| #define HAVE_STDINT_H 1
| #define HAVE_UNISTD_H 1
| #define HAVE_DLFCN_H 1
| #define LT_OBJDIR ".libs/"
| #define HAVE_LIBRESOLV 1
| #define HAVE_LIBRT 1
| #define HAVE_LIBNSL 1
| #define STDC_HEADERS 1
| #define HAVE_FCNTL_H 1
| #define HAVE_STDARG_H 1
| #define HAVE_INTTYPES_H 1
| #define HAVE_STDINT_H 1
| #define HAVE_POLL_H 1
| #define HAVE_SIGNAL_H 1
| #define HAVE_UNISTD_H 1
| #define HAVE_SYS_EPOLL_H 1
| #define HAVE_SYS_TIME_H 1
| #define HAVE_SYS_QUEUE_H 1
| #define HAVE_SYS_PARAM_H 1
| #define HAVE_SYS_IOCTL_H 1
| #define HAVE_SYS_SELECT_H 1
| /* end confdefs.h.  */
| #include <stdio.h>
| #ifdef HAVE_SYS_TYPES_H
| # include <sys/types.h>
| #endif
| #ifdef HAVE_SYS_STAT_H
| # include <sys/stat.h>
| #endif
| #ifdef STDC_HEADERS
| # include <stdlib.h>
| # include <stddef.h>
| #else
| # ifdef HAVE_STDLIB_H
| #  include <stdlib.h>
| # endif
| #endif
| #ifdef HAVE_STRING_H
| # if !defined STDC_HEADERS && defined HAVE_MEMORY_H
| #  include <memory.h>
| # endif
| # include <string.h>
| #endif
| #ifdef HAVE_STRINGS_H
| # include <strings.h>
| #endif
| #ifdef HAVE_INTTYPES_H
| # include <inttypes.h>
| #endif
| #ifdef HAVE_STDINT_H
| # include <stdint.h>
| #endif
| #ifdef HAVE_UNISTD_H
| # include <unistd.h>
| #endif
| #include <sys/devpoll.h>
configure:8250: result: no
configure:8250: checking sys/devpoll.h presence
configure:8250: gcc -E  conftest.c
conftest.c:41:10: fatal error: sys/devpoll.h: No such file or directory
   41 | #include <sys/devpoll.h>
      |          ^~~~~~~~~~~~~~~
compilation terminated.
configure:8250: $? = 1
configure: failed program was:
| /* confdefs.h */
| #define PACKAGE_NAME ""
| #define PACKAGE_TARNAME ""
| #define PACKAGE_VERSION ""
| #define PACKAGE_STRING ""
| #define PACKAGE_BUGREPORT ""
| #define PACKAGE_URL ""
| #define PACKAGE "libevent"
| #define VERSION "1.4.14b-stable"
| #define NUMERIC_VERSION 0x01040e00
| #define STDC_HEADERS 1
| #define HAVE_SYS_TYPES_H 1
| #define HAVE_SYS_STAT_H 1
| #define HAVE_STDLIB_H 1
| #define HAVE_STRING_H 1
| #define HAVE_MEMORY_H 1
| #define HAVE_STRINGS_H 1
| #define HAVE_INTTYPES_H 1
| #define HAVE_STDINT_H 1
| #define HAVE_UNISTD_H 1
| #define HAVE_DLFCN_H 1
| #define LT_OBJDIR ".libs/"
| #define HAVE_LIBRESOLV 1
| #define HAVE_LIBRT 1
| #define HAVE_LIBNSL 1
| #define STDC_HEADERS 1
| #define HAVE_FCNTL_H 1
| #define HAVE_STDARG_H 1
| #define HAVE_INTTYPES_H 1
| #define HAVE_STDINT_H 1
| #define HAVE_POLL_H 1
| #define HAVE_SIGNAL_H 1
| #define HAVE_UNISTD_H 1
| #define HAVE_SYS_EPOLL_H 1
| #define HAVE_SYS_TIME_H 1
| #define HAVE_SYS_QUEUE_H 1
| #define HAVE_SYS_PARAM_H 1
| #define HAVE_SYS_IOCTL_H 1
| #define HAVE_SYS_SELECT_H 1
| /* end confdefs.h.  */
| #include <sys/devpoll.h>
configure:8250: result: no
configure:8250: checking for sys/devpoll.h
configure:8250: result: no
configure:8250: checking port.h usability
configure:8250: gcc -c -g -O2 -Wall -fno-strict-aliasing  conftest.c >&5
conftest.c:74:10: fatal error: port.h: No such file or directory
   74 | #include <port.h>
      |          ^~~~~~~~
compilation terminated.
configure:8250: $? = 1
configure: failed program was:
| /* confdefs.h */
| #define PACKAGE_NAME ""
| #define PACKAGE_TARNAME ""
| #define PACKAGE_VERSION ""
| #define PACKAGE_STRING ""
| #define PACKAGE_BUGREPORT ""
| #define PACKAGE_URL ""
| #define PACKAGE "libevent"
| #define VERSION "1.4.14b-stable"
| #define NUMERIC_VERSION 0x01040e00
| #define STDC_HEADERS 1
| #define HAVE_SYS_TYPES_H 1
| #define HAVE_SYS_STAT_H 1
| #define HAVE_STDLIB_H 1
| #define HAVE_STRING_H 1
| #define HAVE_MEMORY_H 1
| #define HAVE_STRINGS_H 1
| #define HAVE_INTTYPES_H 1
| #define HAVE_STDINT_H 1
| #define HAVE_UNISTD_H 1
| #define HAVE_DLFCN_H 1
| #define LT_OBJDIR ".libs/"
| #define HAVE_LIBRESOLV 1
| #define HAVE_LIBRT 1
| #define HAVE_LIBNSL 1
| #define STDC_HEADERS 1
| #define HAVE_FCNTL_H 1
| #define HAVE_STDARG_H 1
| #define HAVE_INTTYPES_H 1
| #define HAVE_STDINT_H 1
| #define HAVE_POLL_H 1
| #define HAVE_SIGNAL_H 1
| #define HAVE_UNISTD_H 1
| #define HAVE_SYS_EPOLL_H 1
| #define HAVE_SYS_TIME_H 1
| #define HAVE_SYS_QUEUE_H 1
| #define HAVE_SYS_PARAM_H 1
| #define HAVE_SYS_IOCTL_H 1
| #define HAVE_SYS_SELECT_H 1
| /* end confdefs.h.  */
| #include <stdio.h>
| #ifdef HAVE_SYS_TYPES_H
| # include <sys/types.h>
| #endif
| #ifdef HAVE_SYS_STAT_H
| # include <sys/stat.h>
| #endif
| #ifdef STDC_HEADERS
| # include <stdlib.h>
| # include <stddef.h>
| #else
| # ifdef HAVE_STDLIB_H
| #  include <stdlib.h>
| # endif
| #endif
| #ifdef HAVE_STRING_H
| # if !defined STDC_HEADERS && defined HAVE_MEMORY_H
| #  include <memory.h>
| # endif
| # include <string.h>
| #endif
| #ifdef HAVE_STRINGS_H
| # include <strings.h>
| #endif
| #ifdef HAVE_INTTYPES_H
| # include <inttypes.h>
| #endif
| #ifdef HAVE_STDINT_H
| # include <stdint.h>
| #endif
| #ifdef HAVE_UNISTD_H
| # include <unistd.h>
| #endif
| #include <port.h>
configure:8250: result: no
configure:8250: checking port.h presence
configure:8250: gcc -E  conftest.c
conftest.c:41:10: fatal error: port.h: No such file or directory
   41 | #include <port.h>
      |          ^~~~~~~~
compilation terminated.
configure:8250: $? = 1
configure: failed program was:
| /* confdefs.h */
| #define PACKAGE_NAME ""
| #define PACKAGE_TARNAME ""
| #define PACKAGE_VERSION ""
| #define PACKAGE_STRING ""
| #define PACKAGE_BUGREPORT ""
| #define PACKAGE_URL ""
| #define PACKAGE "libevent"
| #define VERSION "1.4.14b-stable"
| #define NUMERIC_VERSION 0x01040e00
| #define STDC_HEADERS 1
| #define HAVE_SYS_TYPES_H 1
| #define HAVE_SYS_STAT_H 1
| #define HAVE_STDLIB_H 1
| #define HAVE_STRING_H 1
| #define HAVE_MEMORY_H 1
| #define HAVE_STRINGS_H 1
| #define HAVE_INTTYPES_H 1
| #define HAVE_STDINT_H 1
| #define HAVE_UNISTD_H 1
| #define HAVE_DLFCN_H 1
| #define LT_OBJDIR ".libs/"
| #define HAVE_LIBRESOLV 1
| #define HAVE_LIBRT 1
| #define HAVE_LIBNSL 1
| #define STDC_HEADERS 1
| #define HAVE_FCNTL_H 1
| #define HAVE_STDARG_H 1
| #define HAVE_INTTYPES_H 1
| #define HAVE_STDINT_H 1
| #define HAVE_POLL_H 1
| #define HAVE_SIGNAL_H 1
| #define HAVE_UNISTD_H 1
| #define HAVE_SYS_EPOLL_H 1
| #define HAVE_SYS_TIME_H 1
| #define HAVE_SYS_QUEUE_H 1
| #define HAVE_SYS_PARAM_H 1
| #define HAVE_SYS_IOCTL_H 1
| #define HAVE_SYS_SELECT_H 1
| /* end confdefs.h.  */
| #include <port.h>
configure:8250: result: no
configure:8250: checking for port.h
configure:8250: result: no
configure:8250: checking netinet/in6.h usability
configure:8250: gcc -c -g -O2 -Wall -fno-strict-aliasing  conftest.c >&5
conftest.c:74:10: fatal error: netinet/in6.h: No such file or directory
   74 | #include <netinet/in6.h>
      |          ^~~~~~~~~~~~~~~
compilation terminated.
configure:8250: $? = 1
configure: failed program was:
| /* confdefs.h */
| #define PACKAGE_NAME ""
| #define PACKAGE_TARNAME ""
| #define PACKAGE_VERSION ""
| #define PACKAGE_STRING ""
| #define PACKAGE_BUGREPORT ""
| #define PACKAGE_URL ""
| #define PACKAGE "libevent"
| #define VERSION "1.4.14b-stable"
| #define NUMERIC_VERSION 0x01040e00
| #define STDC_HEADERS 1
| #define HAVE_SYS_TYPES_H 1
| #define HAVE_SYS_STAT_H 1
| #define HAVE_STDLIB_H 1
| #define HAVE_STRING_H 1
| #define HAVE_MEMORY_H 1
| #define HAVE_STRINGS_H 1
| #define HAVE_INTTYPES_H 1
| #define HAVE_STDINT_H 1
| #define HAVE_UNISTD_H 1
| #define HAVE_DLFCN_H 1
| #define LT_OBJDIR ".libs/"
| #define HAVE_LIBRESOLV 1
| #define HAVE_LIBRT 1
| #define HAVE_LIBNSL 1
| #define STDC_HEADERS 1
| #define HAVE_FCNTL_H 1
| #define HAVE_STDARG_H 1
| #define HAVE_INTTYPES_H 1
| #define HAVE_STDINT_H 1
| #define HAVE_POLL_H 1
| #define HAVE_SIGNAL_H 1
| #define HAVE_UNISTD_H 1
| #define HAVE_SYS_EPOLL_H 1
| #define HAVE_SYS_TIME_H 1
| #define HAVE_SYS_QUEUE_H 1
| #define HAVE_SYS_PARAM_H 1
| #define HAVE_SYS_IOCTL_H 1
| #define HAVE_SYS_SELECT_H 1
| /* end confdefs.h.  */
| #include <stdio.h>
| #ifdef HAVE_SYS_TYPES_H
| # include <sys/types.h>
| #endif
| #ifdef HAVE_SYS_STAT_H
| # include <sys/stat.h>
| #endif
| #ifdef STDC_HEADERS
| # include <stdlib.h>
| # include <stddef.h>
| #else
| # ifdef HAVE_STDLIB_H
| #  include <stdlib.h>
| # endif
| #endif
| #ifdef HAVE_STRING_H
| # if !defined STDC_HEADERS && defined HAVE_MEMORY_H
| #  include <memory.h>
| # endif
| # include <string.h>
| #endif
| #ifdef HAVE_STRINGS_H
| # include <strings.h>
| #endif
| #ifdef HAVE_INTTYPES_H
| # include <inttypes.h>
| #endif
| #ifdef HAVE_STDINT_H
| # include <stdint.h>
| #endif
| #ifdef HAVE_UNISTD_H
| # include <unistd.h>
| #endif
| #include <netinet/in6.h>
configure:8250: result: no
configure:8250: checking netinet/in6.h presence
configure:8250: gcc -E  conftest.c
conftest.c:41:10: fatal error: netinet/in6.h: No such file or directory
   41 | #include <netinet/in6.h>
      |          ^~~~~~~~~~~~~~~
compilation terminated.
configure:8250: $? = 1
configure: failed program was:
| /* confdefs.h */
| #define PACKAGE_NAME ""
| #define PACKAGE_TARNAME ""
| #define PACKAGE_VERSION ""
| #define PACKAGE_STRING ""
| #define PACKAGE_BUGREPORT ""
| #define PACKAGE_URL ""
| #define PACKAGE "libevent"
| #define VERSION "1.4.14b-stable"
| #define NUMERIC_VERSION 0x01040e00
| #define STDC_HEADERS 1
| #define HAVE_SYS_TYPES_H 1
| #define HAVE_SYS_STAT_H 1
| #define HAVE_STDLIB_H 1
| #define HAVE_STRING_H 1
| #define HAVE_MEMORY_H 1
| #define HAVE_STRINGS_H 1
| #define HAVE_INTTYPES_H 1
| #define HAVE_STDINT_H 1
| #define HAVE_UNISTD_H 1
| #define HAVE_DLFCN_H 1
| #define LT_OBJDIR ".libs/"
| #define HAVE_LIBRESOLV 1
| #define HAVE_LIBRT 1
| #define HAVE_LIBNSL 1
| #define STDC_HEADERS 1
| #define HAVE_FCNTL_H 1
| #define HAVE_STDARG_H 1
| #define HAVE_INTTYPES_H 1
| #define HAVE_STDINT_H 1
| #define HAVE_POLL_H 1
| #define HAVE_SIGNAL_H 1
| #define HAVE_UNISTD_H 1
| #define HAVE_SYS_EPOLL_H 1
| #define HAVE_SYS_TIME_H 1
| #define HAVE_SYS_QUEUE_H 1
| #define HAVE_SYS_PARAM_H 1
| #define HAVE_SYS_IOCTL_H 1
| #define HAVE_SYS_SELECT_H 1
| /* end confdefs.h.  */
| #include <netinet/in6.h>
configure:8250: result: no
configure:8250: checking for netinet/in6.h
configure:8250: result: no
configure:8250: checking sys/socket.h usability
configure:8250: gcc -c -g -O2 -Wall -fno-strict-aliasing  conftest.c >&5
configure:8250: $? = 0
configure:8250: result: yes
configure:8250: checking sys/socket.h presence
configure:8250: gcc -E  conftest.c
configure:8250: $? = 0
configure:8250: result: yes
configure:8250: checking for sys/socket.h
configure:8250: result: yes
configure:8262: checking for TAILQ_FOREACH in sys/queue.h
configure:8275: result: yes
configure:8290: checking for timeradd in sys/time.h
configure:8306: result: yes
configure:8318: checking for timercmp in sys/time.h
configure:8334: result: yes
configure:8346: checking for timerclear in sys/time.h
configure:8362: result: yes
configure:8374: checking for timerisset in sys/time.h
configure:8390: result: yes
configure:8401: checking for WIN32
configure:8418: gcc -c -g -O2 -Wall -fno-strict-aliasing  conftest.c >&5
conftest.c: In function 'main':
conftest.c:53:1: error: unknown type name 'die'
   53 | die horribly
      | ^~~
conftest.c:53:5: warning: unused variable 'horribly' [-Wunused-variable]
   53 | die horribly
      |     ^~~~~~~~
configure:8418: $? = 1
configure: failed program was:
| /* confdefs.h */
| #define PACKAGE_NAME ""
| #define PACKAGE_TARNAME ""
| #define PACKAGE_VERSION ""
| #define PACKAGE_STRING ""
| #define PACKAGE_BUGREPORT ""
| #define PACKAGE_URL ""
| #define PACKAGE "libevent"
| #define VERSION "1.4.14b-stable"
| #define NUMERIC_VERSION 0x01040e00
| #define STDC_HEADERS 1
| #define HAVE_SYS_TYPES_H 1
| #define HAVE_SYS_STAT_H 1
| #define HAVE_STDLIB_H 1
| #define HAVE_STRING_H 1
| #define HAVE_MEMORY_H 1
| #define HAVE_STRINGS_H 1
| #define HAVE_INTTYPES_H 1
| #define HAVE_STDINT_H 1
| #define HAVE_UNISTD_H 1
| #define HAVE_DLFCN_H 1
| #define LT_OBJDIR ".libs/"
| #define HAVE_LIBRESOLV 1
| #define HAVE_LIBRT 1
| #define HAVE_LIBNSL 1
| #define STDC_HEADERS 1
| #define HAVE_FCNTL_H 1
| #define HAVE_STDARG_H 1
| #define HAVE_INTTYPES_H 1
| #define HAVE_STDINT_H 1
| #define HAVE_POLL_H 1
| #define HAVE_SIGNAL_H 1
| #define HAVE_UNISTD_H 1
| #define HAVE_SYS_EPOLL_H 1
| #define HAVE_SYS_TIME_H 1
| #define HAVE_SYS_QUEUE_H 1
| #define HAVE_SYS_PARAM_H 1
| #define HAVE_SYS_IOCTL_H 1
| #define HAVE_SYS_SELECT_H 1
| #define HAVE_SYS_SOCKET_H 1
| #define HAVE_TAILQFOREACH 1
| #define HAVE_TIMERADD 1
| #define HAVE_TIMERCMP 1
| #define HAVE_TIMERCLEAR 1
| #define HAVE_TIMERISSET 1
| /* end confdefs.h.  */
| 
| int
| main ()
| {
| 
| #ifndef WIN32
| die horribly
| #endif
| 
|   ;
|   return 0;
| }
configure:8422: result: no
configure:8436: checking for an ANSI C-conforming const
configure:8501: gcc -c -g -O2 -Wall -fno-strict-aliasing  conftest.c >&5
conftest.c: In function 'main':
conftest.c:76:7: warning: 't' is used uninitialized in this function [-Wuninitialized]
   76 |     *t++ = 0;
      |      ~^~
conftest.c:92:23: warning: 'b' is used uninitialized in this function [-Wuninitialized]
   92 |     struct s *b; b->j = 5;
      |                  ~~~~~^~~
conftest.c:98:13: warning: 'cs[0]' is used uninitialized in this function [-Wuninitialized]
   98 |   return !cs[0] && !zero.x;
      |           ~~^~~
configure:8501: $? = 0
configure:8508: result: yes
configure:8516: checking for inline
configure:8532: gcc -c -g -O2 -Wall -fno-strict-aliasing  conftest.c >&5
configure:8532: $? = 0
configure:8540: result: inline
configure:8558: checking whether time.h and sys/time.h may both be included
configure:8578: gcc -c -g -O2 -Wall -fno-strict-aliasing  conftest.c >&5
configure:8578: $? = 0
configure:8585: result: yes
configure:8597: checking for gettimeofday
configure:8597: gcc -o conftest -g -O2 -Wall -fno-strict-aliasing   conftest.c -lnsl -lrt -lresolv  >&5
configure:8597: $? = 0
configure:8597: result: yes
configure:8597: checking for vasprintf
configure:8597: gcc -o conftest -g -O2 -Wall -fno-strict-aliasing   conftest.c -lnsl -lrt -lresolv  >&5
configure:8597: $? = 0
configure:8597: result: yes
configure:8597: checking for fcntl
configure:8597: gcc -o conftest -g -O2 -Wall -fno-strict-aliasing   conftest.c -lnsl -lrt -lresolv  >&5
configure:8597: $? = 0
configure:8597: result: yes
configure:8597: checking for clock_gettime
configure:8597: gcc -o conftest -g -O2 -Wall -fno-strict-aliasing   conftest.c -lnsl -lrt -lresolv  >&5
configure:8597: $? = 0
configure:8597: result: yes
configure:8597: checking for strtok_r
configure:8597: gcc -o conftest -g -O2 -Wall -fno-strict-aliasing   conftest.c -lnsl -lrt -lresolv  >&5
configure:8597: $? = 0
configure:8597: result: yes
configure:8597: checking for strsep
configure:8597: gcc -o conftest -g -O2 -Wall -fno-strict-aliasing   conftest.c -lnsl -lrt -lresolv  >&5
configure:8597: $? = 0
configure:8597: result: yes
configure:8597: checking for getaddrinfo
configure:8597: gcc -o conftest -g -O2 -Wall -fno-strict-aliasing   conftest.c -lnsl -lrt -lresolv  >&5
configure:8597: $? = 0
configure:8597: result: yes
configure:8597: checking for getnameinfo
configure:8597: gcc -o conftest -g -O2 -Wall -fno-strict-aliasing   conftest.c -lnsl -lrt -lresolv  >&5
configure:8597: $? = 0
configure:8597: result: yes
configure:8597: checking for strlcpy
configure:8597: gcc -o conftest -g -O2 -Wall -fno-strict-aliasing   conftest.c -lnsl -lrt -lresolv  >&5
/usr/bin/ld: /tmp/ccvsVNzO.o: in function `main':
/home/mcloud/ldy/leveldb/libevent-1.4.14b-stable/conftest.c:90: undefined reference to `strlcpy'
collect2: error: ld returned 1 exit status
configure:8597: $? = 1
configure: failed program was:
| /* confdefs.h */
| #define PACKAGE_NAME ""
| #define PACKAGE_TARNAME ""
| #define PACKAGE_VERSION ""
| #define PACKAGE_STRING ""
| #define PACKAGE_BUGREPORT ""
| #define PACKAGE_URL ""
| #define PACKAGE "libevent"
| #define VERSION "1.4.14b-stable"
| #define NUMERIC_VERSION 0x01040e00
| #define STDC_HEADERS 1
| #define HAVE_SYS_TYPES_H 1
| #define HAVE_SYS_STAT_H 1
| #define HAVE_STDLIB_H 1
| #define HAVE_STRING_H 1
| #define HAVE_MEMORY_H 1
| #define HAVE_STRINGS_H 1
| #define HAVE_INTTYPES_H 1
| #define HAVE_STDINT_H 1
| #define HAVE_UNISTD_H 1
| #define HAVE_DLFCN_H 1
| #define LT_OBJDIR ".libs/"
| #define HAVE_LIBRESOLV 1
| #define HAVE_LIBRT 1
| #define HAVE_LIBNSL 1
| #define STDC_HEADERS 1
| #define HAVE_FCNTL_H 1
| #define HAVE_STDARG_H 1
| #define HAVE_INTTYPES_H 1
| #define HAVE_STDINT_H 1
| #define HAVE_POLL_H 1
| #define HAVE_SIGNAL_H 1
| #define HAVE_UNISTD_H 1
| #define HAVE_SYS_EPOLL_H 1
| #define HAVE_SYS_TIME_H 1
| #define HAVE_SYS_QUEUE_H 1
| #define HAVE_SYS_PARAM_H 1
| #define HAVE_SYS_IOCTL_H 1
| #define HAVE_SYS_SELECT_H 1
| #define HAVE_SYS_SOCKET_H 1
| #define HAVE_TAILQFOREACH 1
| #define HAVE_TIMERADD 1
| #define HAVE_TIMERCMP 1
| #define HAVE_TIMERCLEAR 1
| #define HAVE_TIMERISSET 1
| #define TIME_WITH_SYS_TIME 1
| #define HAVE_GETTIMEOFDAY 1
| #define HAVE_VASPRINTF 1
| #define HAVE_FCNTL 1
| #define HAVE_CLOCK_GETTIME 1
| #define HAVE_STRTOK_R 1
| #define HAVE_STRSEP 1
| #define HAVE_GETADDRINFO 1
| #define HAVE_GETNAMEINFO 1
| /* end confdefs.h.  */
| /* Define strlcpy to an innocuous variant, in case <limits.h> declares strlcpy.
|    For example, HP-UX 11i <limits.h> declares gettimeofday.  */
| #define strlcpy innocuous_strlcpy
| 
| /* System header to define __stub macros and hopefully few prototypes,
|     which can conflict with char strlcpy (); below.
|     Prefer <limits.h> to <assert.h> if __STDC__ is defined, since
|     <limits.h> exists even on freestanding compilers.  */
| 
| #ifdef __STDC__
| # include <limits.h>
| #else
| # include <assert.h>
| #endif
| 
| #undef strlcpy
| 
| /* Override any GCC internal prototype to avoid an error.
|    Use char because int might match the return type of a GCC
|    builtin and then its argument prototype would still apply.  */
| #ifdef __cplusplus
| extern "C"
| #endif
| char strlcpy ();
| /* The GNU C library defines this for functions which it implements
|     to always fail with ENOSYS.  Some functions are actually named
|     something starting with __ and the normal name is an alias.  */
| #if defined __stub_strlcpy || defined __stub___strlcpy
| choke me
| #endif
| 
| int
| main ()
| {
| return strlcpy ();
|   ;
|   return 0;
| }
configure:8597: result: no
configure:8597: checking for inet_ntop
configure:8597: gcc -o conftest -g -O2 -Wall -fno-strict-aliasing   conftest.c -lnsl -lrt -lresolv  >&5
configure:8597: $? = 0
configure:8597: result: yes
configure:8597: checking for signal
configure:8597: gcc -o conftest -g -O2 -Wall -fno-strict-aliasing   conftest.c -lnsl -lrt -lresolv  >&5
configure:8597: $? = 0
configure:8597: result: yes
configure:8597: checking for sigaction
configure:8597: gcc -o conftest -g -O2 -Wall -fno-strict-aliasing   conftest.c -lnsl -lrt -lresolv  >&5
configure:8597: $? = 0
configure:8597: result: yes
configure:8597: checking for strtoll
configure:8597: gcc -o conftest -g -O2 -Wall -fno-strict-aliasing   conftest.c -lnsl -lrt -lresolv  >&5
configure:8597: $? = 0
configure:8597: result: yes
configure:8597: checking for issetugid
configure:8597: gcc -o conftest -g -O2 -Wall -fno-strict-aliasing   conftest.c -lnsl -lrt -lresolv  >&5
/usr/bin/ld: /tmp/ccy5FRRS.o: in function `main':
/home/mcloud/ldy/leveldb/libevent-1.4.14b-stable/conftest.c:94: undefined reference to `issetugid'
collect2: error: ld returned 1 exit status
configure:8597: $? = 1
configure: failed program was:
| /* confdefs.h */
| #define PACKAGE_NAME ""
| #define PACKAGE_TARNAME ""
| #define PACKAGE_VERSION ""
| #define PACKAGE_STRING ""
| #define PACKAGE_BUGREPORT ""
| #define PACKAGE_URL ""
| #define PACKAGE "libevent"
| #define VERSION "1.4.14b-stable"
| #define NUMERIC_VERSION 0x01040e00
| #define STDC_HEADERS 1
| #define HAVE_SYS_TYPES_H 1
| #define HAVE_SYS_STAT_H 1
| #define HAVE_STDLIB_H 1
| #define HAVE_STRING_H 1
| #define HAVE_MEMORY_H 1
| #define HAVE_STRINGS_H 1
| #define HAVE_INTTYPES_H 1
| #define HAVE_STDINT_H 1
| #define HAVE_UNISTD_H 1
| #define HAVE_DLFCN_H 1
| #define LT_OBJDIR ".libs/"
| #define HAVE_LIBRESOLV 1
| #define HAVE_LIBRT 1
| #define HAVE_LIBNSL 1
| #define STDC_HEADERS 1
| #define HAVE_FCNTL_H 1
| #define HAVE_STDARG_H 1
| #define HAVE_INTTYPES_H 1
| #define HAVE_STDINT_H 1
| #define HAVE_POLL_H 1
| #define HAVE_SIGNAL_H 1
| #define HAVE_UNISTD_H 1
| #define HAVE_SYS_EPOLL_H 1
| #define HAVE_SYS_TIME_H 1
| #define HAVE_SYS_QUEUE_H 1
| #define HAVE_SYS_PARAM_H 1
| #define HAVE_SYS_IOCTL_H 1
| #define HAVE_SYS_SELECT_H 1
| #define HAVE_SYS_SOCKET_H 1
| #define HAVE_TAILQFOREACH 1
| #define HAVE_TIMERADD 1
| #define HAVE_TIMERCMP 1
| #define HAVE_TIMERCLEAR 1
| #define HAVE_TIMERISSET 1
| #define TIME_WITH_SYS_TIME 1
| #define HAVE_GETTIMEOFDAY 1
| #define HAVE_VASPRINTF 1
| #define HAVE_FCNTL 1
| #define HAVE_CLOCK_GETTIME 1
| #define HAVE_STRTOK_R 1
| #define HAVE_STRSEP 1
| #define HAVE_GETADDRINFO 1
| #define HAVE_GETNAMEINFO 1
| #define HAVE_INET_NTOP 1
| #define HAVE_SIGNAL 1
| #define HAVE_SIGACTION 1
| #define HAVE_STRTOLL 1
| /* end confdefs.h.  */
| /* Define issetugid to an innocuous variant, in case <limits.h> declares issetugid.
|    For example, HP-UX 11i <limits.h> declares gettimeofday.  */
| #define issetugid innocuous_issetugid
| 
| /* System header to define __stub macros and hopefully few prototypes,
|     which can conflict with char issetugid (); below.
|     Prefer <limits.h> to <assert.h> if __STDC__ is defined, since
|     <limits.h> exists even on freestanding compilers.  */
| 
| #ifdef __STDC__
| # include <limits.h>
| #else
| # include <assert.h>
| #endif
| 
| #undef issetugid
| 
| /* Override any GCC internal prototype to avoid an error.
|    Use char because int might match the return type of a GCC
|    builtin and then its argument prototype would still apply.  */
| #ifdef __cplusplus
| extern "C"
| #endif
| char issetugid ();
| /* The GNU C library defines this for functions which it implements
|     to always fail with ENOSYS.  Some functions are actually named
|     something starting with __ and the normal name is an alias.  */
| #if defined __stub_issetugid || defined __stub___issetugid
| choke me
| #endif
| 
| int
| main ()
| {
| return issetugid ();
|   ;
|   return 0;
| }
configure:8597: result: no
configure:8597: checking for geteuid
configure:8597: gcc -o conftest -g -O2 -Wall -fno-strict-aliasing   conftest.c -lnsl -lrt -lresolv  >&5
configure:8597: $? = 0
configure:8597: result: yes
configure:8597: checking for getegid
configure:8597: gcc -o conftest -g -O2 -Wall -fno-strict-aliasing   conftest.c -lnsl -lrt -lresolv  >&5
configure:8597: $? = 0
configure:8597: result: yes
configure:8612: checking size of long
configure:8617: gcc -o conftest -g -O2 -Wall -fno-strict-aliasing   conftest.c -lnsl -lrt -lresolv  >&5
configure:8617: $? = 0
configure:8617: ./conftest
configure:8617: $? = 0
configure:8632: result: 8
configure:8653: checking for F_SETFD in fcntl.h
configure:8670: result: yes
configure:8683: checking for select
configure:8683: gcc -o conftest -g -O2 -Wall -fno-strict-aliasing   conftest.c -lnsl -lrt -lresolv  >&5
configure:8683: $? = 0
configure:8683: result: yes
configure:8705: checking for poll
configure:8705: gcc -o conftest -g -O2 -Wall -fno-strict-aliasing   conftest.c -lnsl -lrt -lresolv  >&5
configure:8705: $? = 0
configure:8705: result: yes
configure:8727: checking for epoll_ctl
configure:8727: gcc -o conftest -g -O2 -Wall -fno-strict-aliasing   conftest.c -lnsl -lrt -lresolv  >&5
configure:8727: $? = 0
configure:8727: result: yes
configure:8919: checking for port_create
configure:8919: gcc -o conftest -g -O2 -Wall -fno-strict-aliasing   conftest.c -lnsl -lrt -lresolv  >&5
/usr/bin/ld: /tmp/ccnSlzEK.o: in function `main':
/home/mcloud/ldy/leveldb/libevent-1.4.14b-stable/conftest.c:103: undefined reference to `port_create'
collect2: error: ld returned 1 exit status
configure:8919: $? = 1
configure: failed program was:
| /* confdefs.h */
| #define PACKAGE_NAME ""
| #define PACKAGE_TARNAME ""
| #define PACKAGE_VERSION ""
| #define PACKAGE_STRING ""
| #define PACKAGE_BUGREPORT ""
| #define PACKAGE_URL ""
| #define PACKAGE "libevent"
| #define VERSION "1.4.14b-stable"
| #define NUMERIC_VERSION 0x01040e00
| #define STDC_HEADERS 1
| #define HAVE_SYS_TYPES_H 1
| #define HAVE_SYS_STAT_H 1
| #define HAVE_STDLIB_H 1
| #define HAVE_STRING_H 1
| #define HAVE_MEMORY_H 1
| #define HAVE_STRINGS_H 1
| #define HAVE_INTTYPES_H 1
| #define HAVE_STDINT_H 1
| #define HAVE_UNISTD_H 1
| #define HAVE_DLFCN_H 1
| #define LT_OBJDIR ".libs/"
| #define HAVE_LIBRESOLV 1
| #define HAVE_LIBRT 1
| #define HAVE_LIBNSL 1
| #define STDC_HEADERS 1
| #define HAVE_FCNTL_H 1
| #define HAVE_STDARG_H 1
| #define HAVE_INTTYPES_H 1
| #define HAVE_STDINT_H 1
| #define HAVE_POLL_H 1
| #define HAVE_SIGNAL_H 1
| #define HAVE_UNISTD_H 1
| #define HAVE_SYS_EPOLL_H 1
| #define HAVE_SYS_TIME_H 1
| #define HAVE_SYS_QUEUE_H 1
| #define HAVE_SYS_PARAM_H 1
| #define HAVE_SYS_IOCTL_H 1
| #define HAVE_SYS_SELECT_H 1
| #define HAVE_SYS_SOCKET_H 1
| #define HAVE_TAILQFOREACH 1
| #define HAVE_TIMERADD 1
| #define HAVE_TIMERCMP 1
| #define HAVE_TIMERCLEAR 1
| #define HAVE_TIMERISSET 1
| #define TIME_WITH_SYS_TIME 1
| #define HAVE_GETTIMEOFDAY 1
| #define HAVE_VASPRINTF 1
| #define HAVE_FCNTL 1
| #define HAVE_CLOCK_GETTIME 1
| #define HAVE_STRTOK_R 1
| #define HAVE_STRSEP 1
| #define HAVE_GETADDRINFO 1
| #define HAVE_GETNAMEINFO 1
| #define HAVE_INET_NTOP 1
| #define HAVE_SIGNAL 1
| #define HAVE_SIGACTION 1
| #define HAVE_STRTOLL 1
| #define HAVE_GETEUID 1
| #define HAVE_GETEGID 1
| #define SIZEOF_LONG 8
| #define DNS_USE_CPU_CLOCK_FOR_ID 1
| #define HAVE_SETFD 1
| #define HAVE_SELECT 1
| #define HAVE_POLL 1
| #define HAVE_EPOLL_CTL 1
| #define HAVE_EPOLL 1
| /* end confdefs.h.  */
| /* Define port_create to an innocuous variant, in case <limits.h> declares port_create.
|    For example, HP-UX 11i <limits.h> declares gettimeofday.  */
| #define port_create innocuous_port_create
| 
| /* System header to define __stub macros and hopefully few prototypes,
|     which can conflict with char port_create (); below.
|     Prefer <limits.h> to <assert.h> if __STDC__ is defined, since
|     <limits.h> exists even on freestanding compilers.  */
| 
| #ifdef __STDC__
| # include <limits.h>
| #else
| # include <assert.h>
| #endif
| 
| #undef port_create
| 
| /* Override any GCC internal prototype to avoid an error.
|    Use char because int might match the return type of a GCC
|    builtin and then its argument prototype would still apply.  */
| #ifdef __cplusplus
| extern "C"
| #endif
| char port_create ();
| /* The GNU C library defines this for functions which it implements
|     to always fail with ENOSYS.  Some functions are actually named
|     something starting with __ and the normal name is an alias.  */
| #if defined __stub_port_create || defined __stub___port_create
| choke me
| #endif
| 
| int
| main ()
| {
| return port_create ();
|   ;
|   return 0;
| }
configure:8919: result: no
configure:8955: checking for pid_t
configure:8955: gcc -c -g -O2 -Wall -fno-strict-aliasing  conftest.c >&5
configure:8955: $? = 0
configure:8955: gcc -c -g -O2 -Wall -fno-strict-aliasing  conftest.c >&5
conftest.c: In function 'main':
conftest.c:105:20: error: expected expression before ')' token
  105 | if (sizeof ((pid_t)))
      |                    ^
configure:8955: $? = 1
configure: failed program was:
| /* confdefs.h */
| #define PACKAGE_NAME ""
| #define PACKAGE_TARNAME ""
| #define PACKAGE_VERSION ""
| #define PACKAGE_STRING ""
| #define PACKAGE_BUGREPORT ""
| #define PACKAGE_URL ""
| #define PACKAGE "libevent"
| #define VERSION "1.4.14b-stable"
| #define NUMERIC_VERSION 0x01040e00
| #define STDC_HEADERS 1
| #define HAVE_SYS_TYPES_H 1
| #define HAVE_SYS_STAT_H 1
| #define HAVE_STDLIB_H 1
| #define HAVE_STRING_H 1
| #define HAVE_MEMORY_H 1
| #define HAVE_STRINGS_H 1
| #define HAVE_INTTYPES_H 1
| #define HAVE_STDINT_H 1
| #define HAVE_UNISTD_H 1
| #define HAVE_DLFCN_H 1
| #define LT_OBJDIR ".libs/"
| #define HAVE_LIBRESOLV 1
| #define HAVE_LIBRT 1
| #define HAVE_LIBNSL 1
| #define STDC_HEADERS 1
| #define HAVE_FCNTL_H 1
| #define HAVE_STDARG_H 1
| #define HAVE_INTTYPES_H 1
| #define HAVE_STDINT_H 1
| #define HAVE_POLL_H 1
| #define HAVE_SIGNAL_H 1
| #define HAVE_UNISTD_H 1
| #define HAVE_SYS_EPOLL_H 1
| #define HAVE_SYS_TIME_H 1
| #define HAVE_SYS_QUEUE_H 1
| #define HAVE_SYS_PARAM_H 1
| #define HAVE_SYS_IOCTL_H 1
| #define HAVE_SYS_SELECT_H 1
| #define HAVE_SYS_SOCKET_H 1
| #define HAVE_TAILQFOREACH 1
| #define HAVE_TIMERADD 1
| #define HAVE_TIMERCMP 1
| #define HAVE_TIMERCLEAR 1
| #define HAVE_TIMERISSET 1
| #define TIME_WITH_SYS_TIME 1
| #define HAVE_GETTIMEOFDAY 1
| #define HAVE_VASPRINTF 1
| #define HAVE_FCNTL 1
| #define HAVE_CLOCK_GETTIME 1
| #define HAVE_STRTOK_R 1
| #define HAVE_STRSEP 1
| #define HAVE_GETADDRINFO 1
| #define HAVE_GETNAMEINFO 1
| #define HAVE_INET_NTOP 1
| #define HAVE_SIGNAL 1
| #define HAVE_SIGACTION 1
| #define HAVE_STRTOLL 1
| #define HAVE_GETEUID 1
| #define HAVE_GETEGID 1
| #define SIZEOF_LONG 8
| #define DNS_USE_CPU_CLOCK_FOR_ID 1
| #define HAVE_SETFD 1
| #define HAVE_SELECT 1
| #define HAVE_POLL 1
| #define HAVE_EPOLL_CTL 1
| #define HAVE_EPOLL 1
| /* end confdefs.h.  */
| #include <stdio.h>
| #ifdef HAVE_SYS_TYPES_H
| # include <sys/types.h>
| #endif
| #ifdef HAVE_SYS_STAT_H
| # include <sys/stat.h>
| #endif
| #ifdef STDC_HEADERS
| # include <stdlib.h>
| # include <stddef.h>
| #else
| # ifdef HAVE_STDLIB_H
| #  include <stdlib.h>
| # endif
| #endif
| #ifdef HAVE_STRING_H
| # if !defined STDC_HEADERS && defined HAVE_MEMORY_H
| #  include <memory.h>
| # endif
| # include <string.h>
| #endif
| #ifdef HAVE_STRINGS_H
| # include <strings.h>
| #endif
| #ifdef HAVE_INTTYPES_H
| # include <inttypes.h>
| #endif
| #ifdef HAVE_STDINT_H
| # include <stdint.h>
| #endif
| #ifdef HAVE_UNISTD_H
| # include <unistd.h>
| #endif
| int
| main ()
| {
| if (sizeof ((pid_t)))
| 	    return 0;
|   ;
|   return 0;
| }
configure:8955: result: yes
configure:8966: checking for size_t
configure:8966: gcc -c -g -O2 -Wall -fno-strict-aliasing  conftest.c >&5
configure:8966: $? = 0
configure:8966: gcc -c -g -O2 -Wall -fno-strict-aliasing  conftest.c >&5
conftest.c: In function 'main':
conftest.c:105:21: error: expected expression before ')' token
  105 | if (sizeof ((size_t)))
      |                     ^
configure:8966: $? = 1
configure: failed program was:
| /* confdefs.h */
| #define PACKAGE_NAME ""
| #define PACKAGE_TARNAME ""
| #define PACKAGE_VERSION ""
| #define PACKAGE_STRING ""
| #define PACKAGE_BUGREPORT ""
| #define PACKAGE_URL ""
| #define PACKAGE "libevent"
| #define VERSION "1.4.14b-stable"
| #define NUMERIC_VERSION 0x01040e00
| #define STDC_HEADERS 1
| #define HAVE_SYS_TYPES_H 1
| #define HAVE_SYS_STAT_H 1
| #define HAVE_STDLIB_H 1
| #define HAVE_STRING_H 1
| #define HAVE_MEMORY_H 1
| #define HAVE_STRINGS_H 1
| #define HAVE_INTTYPES_H 1
| #define HAVE_STDINT_H 1
| #define HAVE_UNISTD_H 1
| #define HAVE_DLFCN_H 1
| #define LT_OBJDIR ".libs/"
| #define HAVE_LIBRESOLV 1
| #define HAVE_LIBRT 1
| #define HAVE_LIBNSL 1
| #define STDC_HEADERS 1
| #define HAVE_FCNTL_H 1
| #define HAVE_STDARG_H 1
| #define HAVE_INTTYPES_H 1
| #define HAVE_STDINT_H 1
| #define HAVE_POLL_H 1
| #define HAVE_SIGNAL_H 1
| #define HAVE_UNISTD_H 1
| #define HAVE_SYS_EPOLL_H 1
| #define HAVE_SYS_TIME_H 1
| #define HAVE_SYS_QUEUE_H 1
| #define HAVE_SYS_PARAM_H 1
| #define HAVE_SYS_IOCTL_H 1
| #define HAVE_SYS_SELECT_H 1
| #define HAVE_SYS_SOCKET_H 1
| #define HAVE_TAILQFOREACH 1
| #define HAVE_TIMERADD 1
| #define HAVE_TIMERCMP 1
| #define HAVE_TIMERCLEAR 1
| #define HAVE_TIMERISSET 1
| #define TIME_WITH_SYS_TIME 1
| #define HAVE_GETTIMEOFDAY 1
| #define HAVE_VASPRINTF 1
| #define HAVE_FCNTL 1
| #define HAVE_CLOCK_GETTIME 1
| #define HAVE_STRTOK_R 1
| #define HAVE_STRSEP 1
| #define HAVE_GETADDRINFO 1
| #define HAVE_GETNAMEINFO 1
| #define HAVE_INET_NTOP 1
| #define HAVE_SIGNAL 1
| #define HAVE_SIGACTION 1
| #define HAVE_STRTOLL 1
| #define HAVE_GETEUID 1
| #define HAVE_GETEGID 1
| #define SIZEOF_LONG 8
| #define DNS_USE_CPU_CLOCK_FOR_ID 1
| #define HAVE_SETFD 1
| #define HAVE_SELECT 1
| #define HAVE_POLL 1
| #define HAVE_EPOLL_CTL 1
| #define HAVE_EPOLL 1
| /* end confdefs.h.  */
| #include <stdio.h>
| #ifdef HAVE_SYS_TYPES_H
| # include <sys/types.h>
| #endif
| #ifdef HAVE_SYS_STAT_H
| # include <sys/stat.h>
| #endif
| #ifdef STDC_HEADERS
| # include <stdlib.h>
| # include <stddef.h>
| #else
| # ifdef HAVE_STDLIB_H
| #  include <stdlib.h>
| # endif
| #endif
| #ifdef HAVE_STRING_H
| # if !defined STDC_HEADERS && defined HAVE_MEMORY_H
| #  include <memory.h>
| # endif
| # include <string.h>
| #endif
| #ifdef HAVE_STRINGS_H
| # include <strings.h>
| #endif
| #ifdef HAVE_INTTYPES_H
| # include <inttypes.h>
| #endif
| #ifdef HAVE_STDINT_H
| # include <stdint.h>
| #endif
| #ifdef HAVE_UNISTD_H
| # include <unistd.h>
| #endif
| int
| main ()
| {
| if (sizeof ((size_t)))
| 	    return 0;
|   ;
|   return 0;
| }
configure:8966: result: yes
configure:8977: checking for uint64_t
configure:8977: gcc -c -g -O2 -Wall -fno-strict-aliasing  conftest.c >&5
configure:8977: $? = 0
configure:8977: gcc -c -g -O2 -Wall -fno-strict-aliasing  conftest.c >&5
conftest.c: In function 'main':
conftest.c:81:23: error: expected expression before ')' token
   81 | if (sizeof ((uint64_t)))
      |                       ^
configure:8977: $? = 1
configure: failed program was:
| /* confdefs.h */
| #define PACKAGE_NAME ""
| #define PACKAGE_TARNAME ""
| #define PACKAGE_VERSION ""
| #define PACKAGE_STRING ""
| #define PACKAGE_BUGREPORT ""
| #define PACKAGE_URL ""
| #define PACKAGE "libevent"
| #define VERSION "1.4.14b-stable"
| #define NUMERIC_VERSION 0x01040e00
| #define STDC_HEADERS 1
| #define HAVE_SYS_TYPES_H 1
| #define HAVE_SYS_STAT_H 1
| #define HAVE_STDLIB_H 1
| #define HAVE_STRING_H 1
| #define HAVE_MEMORY_H 1
| #define HAVE_STRINGS_H 1
| #define HAVE_INTTYPES_H 1
| #define HAVE_STDINT_H 1
| #define HAVE_UNISTD_H 1
| #define HAVE_DLFCN_H 1
| #define LT_OBJDIR ".libs/"
| #define HAVE_LIBRESOLV 1
| #define HAVE_LIBRT 1
| #define HAVE_LIBNSL 1
| #define STDC_HEADERS 1
| #define HAVE_FCNTL_H 1
| #define HAVE_STDARG_H 1
| #define HAVE_INTTYPES_H 1
| #define HAVE_STDINT_H 1
| #define HAVE_POLL_H 1
| #define HAVE_SIGNAL_H 1
| #define HAVE_UNISTD_H 1
| #define HAVE_SYS_EPOLL_H 1
| #define HAVE_SYS_TIME_H 1
| #define HAVE_SYS_QUEUE_H 1
| #define HAVE_SYS_PARAM_H 1
| #define HAVE_SYS_IOCTL_H 1
| #define HAVE_SYS_SELECT_H 1
| #define HAVE_SYS_SOCKET_H 1
| #define HAVE_TAILQFOREACH 1
| #define HAVE_TIMERADD 1
| #define HAVE_TIMERCMP 1
| #define HAVE_TIMERCLEAR 1
| #define HAVE_TIMERISSET 1
| #define TIME_WITH_SYS_TIME 1
| #define HAVE_GETTIMEOFDAY 1
| #define HAVE_VASPRINTF 1
| #define HAVE_FCNTL 1
| #define HAVE_CLOCK_GETTIME 1
| #define HAVE_STRTOK_R 1
| #define HAVE_STRSEP 1
| #define HAVE_GETADDRINFO 1
| #define HAVE_GETNAMEINFO 1
| #define HAVE_INET_NTOP 1
| #define HAVE_SIGNAL 1
| #define HAVE_SIGACTION 1
| #define HAVE_STRTOLL 1
| #define HAVE_GETEUID 1
| #define HAVE_GETEGID 1
| #define SIZEOF_LONG 8
| #define DNS_USE_CPU_CLOCK_FOR_ID 1
| #define HAVE_SETFD 1
| #define HAVE_SELECT 1
| #define HAVE_POLL 1
| #define HAVE_EPOLL_CTL 1
| #define HAVE_EPOLL 1
| /* end confdefs.h.  */
| #ifdef HAVE_STDINT_H
| #include <stdint.h>
| #elif defined(HAVE_INTTYPES_H)
| #include <inttypes.h>
| #endif
| #ifdef HAVE_SYS_TYPES_H
| #include <sys/types.h>
| #endif
| 
| int
| main ()
| {
| if (sizeof ((uint64_t)))
| 	    return 0;
|   ;
|   return 0;
| }
configure:8977: result: yes
configure:8994: checking for uint32_t
configure:8994: gcc -c -g -O2 -Wall -fno-strict-aliasing  conftest.c >&5
configure:8994: $? = 0
configure:8994: gcc -c -g -O2 -Wall -fno-strict-aliasing  conftest.c >&5
conftest.c: In function 'main':
conftest.c:82:23: error: expected expression before ')' token
   82 | if (sizeof ((uint32_t)))
      |                       ^
configure:8994: $? = 1
configure: failed program was:
| /* confdefs.h */
| #define PACKAGE_NAME ""
| #define PACKAGE_TARNAME ""
| #define PACKAGE_VERSION ""
| #define PACKAGE_STRING ""
| #define PACKAGE_BUGREPORT ""
| #define PACKAGE_URL ""
| #define PACKAGE "libevent"
| #define VERSION "1.4.14b-stable"
| #define NUMERIC_VERSION 0x01040e00
| #define STDC_HEADERS 1
| #define HAVE_SYS_TYPES_H 1
| #define HAVE_SYS_STAT_H 1
| #define HAVE_STDLIB_H 1
| #define HAVE_STRING_H 1
| #define HAVE_MEMORY_H 1
| #define HAVE_STRINGS_H 1
| #define HAVE_INTTYPES_H 1
| #define HAVE_STDINT_H 1
| #define HAVE_UNISTD_H 1
| #define HAVE_DLFCN_H 1
| #define LT_OBJDIR ".libs/"
| #define HAVE_LIBRESOLV 1
| #define HAVE_LIBRT 1
| #define HAVE_LIBNSL 1
| #define STDC_HEADERS 1
| #define HAVE_FCNTL_H 1
| #define HAVE_STDARG_H 1
| #define HAVE_INTTYPES_H 1
| #define HAVE_STDINT_H 1
| #define HAVE_POLL_H 1
| #define HAVE_SIGNAL_H 1
| #define HAVE_UNISTD_H 1
| #define HAVE_SYS_EPOLL_H 1
| #define HAVE_SYS_TIME_H 1
| #define HAVE_SYS_QUEUE_H 1
| #define HAVE_SYS_PARAM_H 1
| #define HAVE_SYS_IOCTL_H 1
| #define HAVE_SYS_SELECT_H 1
| #define HAVE_SYS_SOCKET_H 1
| #define HAVE_TAILQFOREACH 1
| #define HAVE_TIMERADD 1
| #define HAVE_TIMERCMP 1
| #define HAVE_TIMERCLEAR 1
| #define HAVE_TIMERISSET 1
| #define TIME_WITH_SYS_TIME 1
| #define HAVE_GETTIMEOFDAY 1
| #define HAVE_VASPRINTF 1
| #define HAVE_FCNTL 1
| #define HAVE_CLOCK_GETTIME 1
| #define HAVE_STRTOK_R 1
| #define HAVE_STRSEP 1
| #define HAVE_GETADDRINFO 1
| #define HAVE_GETNAMEINFO 1
| #define HAVE_INET_NTOP 1
| #define HAVE_SIGNAL 1
| #define HAVE_SIGACTION 1
| #define HAVE_STRTOLL 1
| #define HAVE_GETEUID 1
| #define HAVE_GETEGID 1
| #define SIZEOF_LONG 8
| #define DNS_USE_CPU_CLOCK_FOR_ID 1
| #define HAVE_SETFD 1
| #define HAVE_SELECT 1
| #define HAVE_POLL 1
| #define HAVE_EPOLL_CTL 1
| #define HAVE_EPOLL 1
| #define HAVE_UINT64_T 1
| /* end confdefs.h.  */
| #ifdef HAVE_STDINT_H
| #include <stdint.h>
| #elif defined(HAVE_INTTYPES_H)
| #include <inttypes.h>
| #endif
| #ifdef HAVE_SYS_TYPES_H
| #include <sys/types.h>
| #endif
| 
| int
| main ()
| {
| if (sizeof ((uint32_t)))
| 	    return 0;
|   ;
|   return 0;
| }
configure:8994: result: yes
configure:9011: checking for uint16_t
configure:9011: gcc -c -g -O2 -Wall -fno-strict-aliasing  conftest.c >&5
configure:9011: $? = 0
configure:9011: gcc -c -g -O2 -Wall -fno-strict-aliasing  conftest.c >&5
conftest.c: In function 'main':
conftest.c:83:23: error: expected expression before ')' token
   83 | if (sizeof ((uint16_t)))
      |                       ^
configure:9011: $? = 1
configure: failed program was:
| /* confdefs.h */
| #define PACKAGE_NAME ""
| #define PACKAGE_TARNAME ""
| #define PACKAGE_VERSION ""
| #define PACKAGE_STRING ""
| #define PACKAGE_BUGREPORT ""
| #define PACKAGE_URL ""
| #define PACKAGE "libevent"
| #define VERSION "1.4.14b-stable"
| #define NUMERIC_VERSION 0x01040e00
| #define STDC_HEADERS 1
| #define HAVE_SYS_TYPES_H 1
| #define HAVE_SYS_STAT_H 1
| #define HAVE_STDLIB_H 1
| #define HAVE_STRING_H 1
| #define HAVE_MEMORY_H 1
| #define HAVE_STRINGS_H 1
| #define HAVE_INTTYPES_H 1
| #define HAVE_STDINT_H 1
| #define HAVE_UNISTD_H 1
| #define HAVE_DLFCN_H 1
| #define LT_OBJDIR ".libs/"
| #define HAVE_LIBRESOLV 1
| #define HAVE_LIBRT 1
| #define HAVE_LIBNSL 1
| #define STDC_HEADERS 1
| #define HAVE_FCNTL_H 1
| #define HAVE_STDARG_H 1
| #define HAVE_INTTYPES_H 1
| #define HAVE_STDINT_H 1
| #define HAVE_POLL_H 1
| #define HAVE_SIGNAL_H 1
| #define HAVE_UNISTD_H 1
| #define HAVE_SYS_EPOLL_H 1
| #define HAVE_SYS_TIME_H 1
| #define HAVE_SYS_QUEUE_H 1
| #define HAVE_SYS_PARAM_H 1
| #define HAVE_SYS_IOCTL_H 1
| #define HAVE_SYS_SELECT_H 1
| #define HAVE_SYS_SOCKET_H 1
| #define HAVE_TAILQFOREACH 1
| #define HAVE_TIMERADD 1
| #define HAVE_TIMERCMP 1
| #define HAVE_TIMERCLEAR 1
| #define HAVE_TIMERISSET 1
| #define TIME_WITH_SYS_TIME 1
| #define HAVE_GETTIMEOFDAY 1
| #define HAVE_VASPRINTF 1
| #define HAVE_FCNTL 1
| #define HAVE_CLOCK_GETTIME 1
| #define HAVE_STRTOK_R 1
| #define HAVE_STRSEP 1
| #define HAVE_GETADDRINFO 1
| #define HAVE_GETNAMEINFO 1
| #define HAVE_INET_NTOP 1
| #define HAVE_SIGNAL 1
| #define HAVE_SIGACTION 1
| #define HAVE_STRTOLL 1
| #define HAVE_GETEUID 1
| #define HAVE_GETEGID 1
| #define SIZEOF_LONG 8
| #define DNS_USE_CPU_CLOCK_FOR_ID 1
| #define HAVE_SETFD 1
| #define HAVE_SELECT 1
| #define HAVE_POLL 1
| #define HAVE_EPOLL_CTL 1
| #define HAVE_EPOLL 1
| #define HAVE_UINT64_T 1
| #define HAVE_UINT32_T 1
| /* end confdefs.h.  */
| #ifdef HAVE_STDINT_H
| #include <stdint.h>
| #elif defined(HAVE_INTTYPES_H)
| #include <inttypes.h>
| #endif
| #ifdef HAVE_SYS_TYPES_H
| #include <sys/types.h>
| #endif
| 
| int
| main ()
| {
| if (sizeof ((uint16_t)))
| 	    return 0;
|   ;
|   return 0;
| }
configure:9011: result: yes
configure:9028: checking for uint8_t
configure:9028: gcc -c -g -O2 -Wall -fno-strict-aliasing  conftest.c >&5
configure:9028: $? = 0
configure:9028: gcc -c -g -O2 -Wall -fno-strict-aliasing  conftest.c >&5
conftest.c: In function 'main':
conftest.c:84:22: error: expected expression before ')' token
   84 | if (sizeof ((uint8_t)))
      |                      ^
configure:9028: $? = 1
configure: failed program was:
| /* confdefs.h */
| #define PACKAGE_NAME ""
| #define PACKAGE_TARNAME ""
| #define PACKAGE_VERSION ""
| #define PACKAGE_STRING ""
| #define PACKAGE_BUGREPORT ""
| #define PACKAGE_URL ""
| #define PACKAGE "libevent"
| #define VERSION "1.4.14b-stable"
| #define NUMERIC_VERSION 0x01040e00
| #define STDC_HEADERS 1
| #define HAVE_SYS_TYPES_H 1
| #define HAVE_SYS_STAT_H 1
| #define HAVE_STDLIB_H 1
| #define HAVE_STRING_H 1
| #define HAVE_MEMORY_H 1
| #define HAVE_STRINGS_H 1
| #define HAVE_INTTYPES_H 1
| #define HAVE_STDINT_H 1
| #define HAVE_UNISTD_H 1
| #define HAVE_DLFCN_H 1
| #define LT_OBJDIR ".libs/"
| #define HAVE_LIBRESOLV 1
| #define HAVE_LIBRT 1
| #define HAVE_LIBNSL 1
| #define STDC_HEADERS 1
| #define HAVE_FCNTL_H 1
| #define HAVE_STDARG_H 1
| #define HAVE_INTTYPES_H 1
| #define HAVE_STDINT_H 1
| #define HAVE_POLL_H 1
| #define HAVE_SIGNAL_H 1
| #define HAVE_UNISTD_H 1
| #define HAVE_SYS_EPOLL_H 1
| #define HAVE_SYS_TIME_H 1
| #define HAVE_SYS_QUEUE_H 1
| #define HAVE_SYS_PARAM_H 1
| #define HAVE_SYS_IOCTL_H 1
| #define HAVE_SYS_SELECT_H 1
| #define HAVE_SYS_SOCKET_H 1
| #define HAVE_TAILQFOREACH 1
| #define HAVE_TIMERADD 1
| #define HAVE_TIMERCMP 1
| #define HAVE_TIMERCLEAR 1
| #define HAVE_TIMERISSET 1
| #define TIME_WITH_SYS_TIME 1
| #define HAVE_GETTIMEOFDAY 1
| #define HAVE_VASPRINTF 1
| #define HAVE_FCNTL 1
| #define HAVE_CLOCK_GETTIME 1
| #define HAVE_STRTOK_R 1
| #define HAVE_STRSEP 1
| #define HAVE_GETADDRINFO 1
| #define HAVE_GETNAMEINFO 1
| #define HAVE_INET_NTOP 1
| #define HAVE_SIGNAL 1
| #define HAVE_SIGACTION 1
| #define HAVE_STRTOLL 1
| #define HAVE_GETEUID 1
| #define HAVE_GETEGID 1
| #define SIZEOF_LONG 8
| #define DNS_USE_CPU_CLOCK_FOR_ID 1
| #define HAVE_SETFD 1
| #define HAVE_SELECT 1
| #define HAVE_POLL 1
| #define HAVE_EPOLL_CTL 1
| #define HAVE_EPOLL 1
| #define HAVE_UINT64_T 1
| #define HAVE_UINT32_T 1
| #define HAVE_UINT16_T 1
| /* end confdefs.h.  */
| #ifdef HAVE_STDINT_H
| #include <stdint.h>
| #elif defined(HAVE_INTTYPES_H)
| #include <inttypes.h>
| #endif
| #ifdef HAVE_SYS_TYPES_H
| #include <sys/types.h>
| #endif
| 
| int
| main ()
| {
| if (sizeof ((uint8_t)))
| 	    return 0;
|   ;
|   return 0;
| }
configure:9028: result: yes
configure:9046: checking for fd_mask
configure:9046: gcc -c -g -O2 -Wall -fno-strict-aliasing  conftest.c >&5
configure:9046: $? = 0
configure:9046: gcc -c -g -O2 -Wall -fno-strict-aliasing  conftest.c >&5
conftest.c: In function 'main':
conftest.c:83:22: error: expected expression before ')' token
   83 | if (sizeof ((fd_mask)))
      |                      ^
configure:9046: $? = 1
configure: failed program was:
| /* confdefs.h */
| #define PACKAGE_NAME ""
| #define PACKAGE_TARNAME ""
| #define PACKAGE_VERSION ""
| #define PACKAGE_STRING ""
| #define PACKAGE_BUGREPORT ""
| #define PACKAGE_URL ""
| #define PACKAGE "libevent"
| #define VERSION "1.4.14b-stable"
| #define NUMERIC_VERSION 0x01040e00
| #define STDC_HEADERS 1
| #define HAVE_SYS_TYPES_H 1
| #define HAVE_SYS_STAT_H 1
| #define HAVE_STDLIB_H 1
| #define HAVE_STRING_H 1
| #define HAVE_MEMORY_H 1
| #define HAVE_STRINGS_H 1
| #define HAVE_INTTYPES_H 1
| #define HAVE_STDINT_H 1
| #define HAVE_UNISTD_H 1
| #define HAVE_DLFCN_H 1
| #define LT_OBJDIR ".libs/"
| #define HAVE_LIBRESOLV 1
| #define HAVE_LIBRT 1
| #define HAVE_LIBNSL 1
| #define STDC_HEADERS 1
| #define HAVE_FCNTL_H 1
| #define HAVE_STDARG_H 1
| #define HAVE_INTTYPES_H 1
| #define HAVE_STDINT_H 1
| #define HAVE_POLL_H 1
| #define HAVE_SIGNAL_H 1
| #define HAVE_UNISTD_H 1
| #define HAVE_SYS_EPOLL_H 1
| #define HAVE_SYS_TIME_H 1
| #define HAVE_SYS_QUEUE_H 1
| #define HAVE_SYS_PARAM_H 1
| #define HAVE_SYS_IOCTL_H 1
| #define HAVE_SYS_SELECT_H 1
| #define HAVE_SYS_SOCKET_H 1
| #define HAVE_TAILQFOREACH 1
| #define HAVE_TIMERADD 1
| #define HAVE_TIMERCMP 1
| #define HAVE_TIMERCLEAR 1
| #define HAVE_TIMERISSET 1
| #define TIME_WITH_SYS_TIME 1
| #define HAVE_GETTIMEOFDAY 1
| #define HAVE_VASPRINTF 1
| #define HAVE_FCNTL 1
| #define HAVE_CLOCK_GETTIME 1
| #define HAVE_STRTOK_R 1
| #define HAVE_STRSEP 1
| #define HAVE_GETADDRINFO 1
| #define HAVE_GETNAMEINFO 1
| #define HAVE_INET_NTOP 1
| #define HAVE_SIGNAL 1
| #define HAVE_SIGACTION 1
| #define HAVE_STRTOLL 1
| #define HAVE_GETEUID 1
| #define HAVE_GETEGID 1
| #define SIZEOF_LONG 8
| #define DNS_USE_CPU_CLOCK_FOR_ID 1
| #define HAVE_SETFD 1
| #define HAVE_SELECT 1
| #define HAVE_POLL 1
| #define HAVE_EPOLL_CTL 1
| #define HAVE_EPOLL 1
| #define HAVE_UINT64_T 1
| #define HAVE_UINT32_T 1
| #define HAVE_UINT16_T 1
| #define HAVE_UINT8_T 1
| /* end confdefs.h.  */
| #ifdef HAVE_SYS_TYPES_H
| #include <sys/types.h>
| #endif
| #ifdef HAVE_SELECT_H
| #include <select.h>
| #endif
| 
| int
| main ()
| {
| if (sizeof ((fd_mask)))
| 	    return 0;
|   ;
|   return 0;
| }
configure:9046: result: yes
configure:9067: checking size of long long
configure:9072: gcc -o conftest -g -O2 -Wall -fno-strict-aliasing   conftest.c -lnsl -lrt -lresolv  >&5
configure:9072: $? = 0
configure:9072: ./conftest
configure:9072: $? = 0
configure:9087: result: 8
configure:9101: checking size of int
configure:9106: gcc -o conftest -g -O2 -Wall -fno-strict-aliasing   conftest.c -lnsl -lrt -lresolv  >&5
configure:9106: $? = 0
configure:9106: ./conftest
configure:9106: $? = 0
configure:9121: result: 4
configure:9135: checking size of short
configure:9140: gcc -o conftest -g -O2 -Wall -fno-strict-aliasing   conftest.c -lnsl -lrt -lresolv  >&5
configure:9140: $? = 0
configure:9140: ./conftest
configure:9140: $? = 0
configure:9155: result: 2
configure:9165: checking for struct in6_addr
configure:9165: gcc -c -g -O2 -Wall -fno-strict-aliasing  conftest.c >&5
configure:9165: $? = 0
configure:9165: gcc -c -g -O2 -Wall -fno-strict-aliasing  conftest.c >&5
conftest.c: In function 'main':
conftest.c:91:30: error: expected expression before ')' token
   91 | if (sizeof ((struct in6_addr)))
      |                              ^
configure:9165: $? = 1
configure: failed program was:
| /* confdefs.h */
| #define PACKAGE_NAME ""
| #define PACKAGE_TARNAME ""
| #define PACKAGE_VERSION ""
| #define PACKAGE_STRING ""
| #define PACKAGE_BUGREPORT ""
| #define PACKAGE_URL ""
| #define PACKAGE "libevent"
| #define VERSION "1.4.14b-stable"
| #define NUMERIC_VERSION 0x01040e00
| #define STDC_HEADERS 1
| #define HAVE_SYS_TYPES_H 1
| #define HAVE_SYS_STAT_H 1
| #define HAVE_STDLIB_H 1
| #define HAVE_STRING_H 1
| #define HAVE_MEMORY_H 1
| #define HAVE_STRINGS_H 1
| #define HAVE_INTTYPES_H 1
| #define HAVE_STDINT_H 1
| #define HAVE_UNISTD_H 1
| #define HAVE_DLFCN_H 1
| #define LT_OBJDIR ".libs/"
| #define HAVE_LIBRESOLV 1
| #define HAVE_LIBRT 1
| #define HAVE_LIBNSL 1
| #define STDC_HEADERS 1
| #define HAVE_FCNTL_H 1
| #define HAVE_STDARG_H 1
| #define HAVE_INTTYPES_H 1
| #define HAVE_STDINT_H 1
| #define HAVE_POLL_H 1
| #define HAVE_SIGNAL_H 1
| #define HAVE_UNISTD_H 1
| #define HAVE_SYS_EPOLL_H 1
| #define HAVE_SYS_TIME_H 1
| #define HAVE_SYS_QUEUE_H 1
| #define HAVE_SYS_PARAM_H 1
| #define HAVE_SYS_IOCTL_H 1
| #define HAVE_SYS_SELECT_H 1
| #define HAVE_SYS_SOCKET_H 1
| #define HAVE_TAILQFOREACH 1
| #define HAVE_TIMERADD 1
| #define HAVE_TIMERCMP 1
| #define HAVE_TIMERCLEAR 1
| #define HAVE_TIMERISSET 1
| #define TIME_WITH_SYS_TIME 1
| #define HAVE_GETTIMEOFDAY 1
| #define HAVE_VASPRINTF 1
| #define HAVE_FCNTL 1
| #define HAVE_CLOCK_GETTIME 1
| #define HAVE_STRTOK_R 1
| #define HAVE_STRSEP 1
| #define HAVE_GETADDRINFO 1
| #define HAVE_GETNAMEINFO 1
| #define HAVE_INET_NTOP 1
| #define HAVE_SIGNAL 1
| #define HAVE_SIGACTION 1
| #define HAVE_STRTOLL 1
| #define HAVE_GETEUID 1
| #define HAVE_GETEGID 1
| #define SIZEOF_LONG 8
| #define DNS_USE_CPU_CLOCK_FOR_ID 1
| #define HAVE_SETFD 1
| #define HAVE_SELECT 1
| #define HAVE_POLL 1
| #define HAVE_EPOLL_CTL 1
| #define HAVE_EPOLL 1
| #define HAVE_UINT64_T 1
| #define HAVE_UINT32_T 1
| #define HAVE_UINT16_T 1
| #define HAVE_UINT8_T 1
| #define HAVE_FD_MASK 1
| #define SIZEOF_LONG_LONG 8
| #define SIZEOF_INT 4
| #define SIZEOF_SHORT 2
| /* end confdefs.h.  */
| #ifdef WIN32
| #include <winsock2.h>
| #else
| #include <sys/types.h>
| #include <netinet/in.h>
| #include <sys/socket.h>
| #endif
| #ifdef HAVE_NETINET_IN6_H
| #include <netinet/in6.h>
| #endif
| 
| int
| main ()
| {
| if (sizeof ((struct in6_addr)))
| 	    return 0;
|   ;
|   return 0;
| }
configure:9165: result: yes
configure:9186: checking for socklen_t
configure:9201: gcc -c -g -O2 -Wall -fno-strict-aliasing  conftest.c >&5
conftest.c: In function 'main':
conftest.c:84:11: warning: unused variable 'x' [-Wunused-variable]
   84 | socklen_t x;
      |           ^
configure:9201: $? = 0
configure:9202: result: yes
configure:9214: checking whether our compiler supports __func__
configure:9227: gcc -c -g -O2 -Wall -fno-strict-aliasing  conftest.c >&5
conftest.c: In function 'main':
conftest.c:82:14: warning: unused variable 'cp' [-Wunused-variable]
   82 |  const char *cp = __func__;
      |              ^~
configure:9227: $? = 0
configure:9228: result: yes
configure:9445: creating ./config.status

## ---------------------- ##
## Running config.status. ##
## ---------------------- ##

This file was extended by config.status, which was
generated by GNU Autoconf 2.65.  Invocation command line was

  CONFIG_FILES    = 
  CONFIG_HEADERS  = 
  CONFIG_LINKS    = 
  CONFIG_COMMANDS = 
  $ ./config.status 

on node1

config.status:1118: creating Makefile
config.status:1118: creating test/Makefile
config.status:1118: creating sample/Makefile
config.status:1118: creating config.h
config.status:1338: executing depfiles commands
config.status:1338: executing libtool commands

## ---------------- ##
## Cache variables. ##
## ---------------- ##

ac_cv_build=x86_64-unknown-linux-gnu
ac_cv_c_compiler_gnu=yes
ac_cv_c_const=yes
ac_cv_c_inline=inline
ac_cv_env_CC_set=
ac_cv_env_CC_value=
ac_cv_env_CFLAGS_set=
ac_cv_env_CFLAGS_value=
ac_cv_env_CPPFLAGS_set=
ac_cv_env_CPPFLAGS_value=
ac_cv_env_CPP_set=
ac_cv_env_CPP_value=
ac_cv_env_LDFLAGS_set=
ac_cv_env_LDFLAGS_value=
ac_cv_env_LIBS_set=
ac_cv_env_LIBS_value=
ac_cv_env_build_alias_set=
ac_cv_env_build_alias_value=
ac_cv_env_host_alias_set=
ac_cv_env_host_alias_value=
ac_cv_env_target_alias_set=
ac_cv_env_target_alias_value=
ac_cv_func_clock_gettime=yes
ac_cv_func_epoll_ctl=yes
ac_cv_func_fcntl=yes
ac_cv_func_getaddrinfo=yes
ac_cv_func_getegid=yes
ac_cv_func_geteuid=yes
ac_cv_func_getnameinfo=yes
ac_cv_func_gettimeofday=yes
ac_cv_func_inet_ntop=yes
ac_cv_func_issetugid=no
ac_cv_func_poll=yes
ac_cv_func_port_create=no
ac_cv_func_select=yes
ac_cv_func_sigaction=yes
ac_cv_func_signal=yes
ac_cv_func_strlcpy=no
ac_cv_func_strsep=yes
ac_cv_func_strtok_r=yes
ac_cv_func_strtoll=yes
ac_cv_func_vasprintf=yes
ac_cv_header_dlfcn_h=yes
ac_cv_header_fcntl_h=yes
ac_cv_header_inttypes_h=yes
ac_cv_header_memory_h=yes
ac_cv_header_netinet_in6_h=no
ac_cv_header_poll_h=yes
ac_cv_header_port_h=no
ac_cv_header_signal_h=yes
ac_cv_header_stdarg_h=yes
ac_cv_header_stdc=yes
ac_cv_header_stdint_h=yes
ac_cv_header_stdlib_h=yes
ac_cv_header_string_h=yes
ac_cv_header_strings_h=yes
ac_cv_header_sys_devpoll_h=no
ac_cv_header_sys_epoll_h=yes
ac_cv_header_sys_event_h=no
ac_cv_header_sys_ioctl_h=yes
ac_cv_header_sys_param_h=yes
ac_cv_header_sys_queue_h=yes
ac_cv_header_sys_select_h=yes
ac_cv_header_sys_socket_h=yes
ac_cv_header_sys_stat_h=yes
ac_cv_header_sys_time_h=yes
ac_cv_header_sys_types_h=yes
ac_cv_header_time=yes
ac_cv_header_unistd_h=yes
ac_cv_host=x86_64-unknown-linux-gnu
ac_cv_lib_nsl_inet_ntoa=yes
ac_cv_lib_resolv_inet_aton=yes
ac_cv_lib_rt_clock_gettime=yes
ac_cv_lib_socket_socket=no
ac_cv_objext=o
ac_cv_path_EGREP='/usr/bin/grep -E'
ac_cv_path_FGREP='/usr/bin/grep -F'
ac_cv_path_GREP=/usr/bin/grep
ac_cv_path_SED=/usr/bin/sed
ac_cv_path_install='/usr/bin/install -c'
ac_cv_path_mkdir=/usr/bin/mkdir
ac_cv_prog_AWK=gawk
ac_cv_prog_CPP='gcc -E'
ac_cv_prog_ac_ct_AR=ar
ac_cv_prog_ac_ct_CC=gcc
ac_cv_prog_ac_ct_OBJDUMP=objdump
ac_cv_prog_ac_ct_RANLIB=ranlib
ac_cv_prog_ac_ct_STRIP=strip
ac_cv_prog_cc_c89=
ac_cv_prog_cc_g=yes
ac_cv_prog_gcc_traditional=no
ac_cv_prog_make_make_set=yes
ac_cv_sizeof_int=4
ac_cv_sizeof_long=8
ac_cv_sizeof_long_long=8
ac_cv_sizeof_short=2
ac_cv_type_fd_mask=yes
ac_cv_type_pid_t=yes
ac_cv_type_size_t=yes
ac_cv_type_struct_in6_addr=yes
ac_cv_type_uint16_t=yes
ac_cv_type_uint32_t=yes
ac_cv_type_uint64_t=yes
ac_cv_type_uint8_t=yes
am_cv_CC_dependencies_compiler_type=gcc3
lt_cv_deplibs_check_method=pass_all
lt_cv_file_magic_cmd='$MAGIC_CMD'
lt_cv_file_magic_test_file=
lt_cv_ld_reload_flag=-r
lt_cv_nm_interface='BSD nm'
lt_cv_objdir=.libs
lt_cv_path_LD=/usr/bin/ld
lt_cv_path_NM='/usr/bin/nm -B'
lt_cv_prog_compiler_c_o=yes
lt_cv_prog_compiler_pic_works=yes
lt_cv_prog_compiler_rtti_exceptions=no
lt_cv_prog_compiler_static_works=yes
lt_cv_prog_gnu_ld=yes
lt_cv_sys_global_symbol_pipe='sed -n -e '\''s/^.*[	 ]\([ABCDGIRSTW][ABCDGIRSTW]*\)[	 ][	 ]*\([_A-Za-z][_A-Za-z0-9]*\)$/\1 \2 \2/p'\'''
lt_cv_sys_global_symbol_to_c_name_address='sed -n -e '\''s/^: \([^ ]*\) $/  {\"\1\", (void *) 0},/p'\'' -e '\''s/^[ABCDGIRSTW]* \([^ ]*\) \([^ ]*\)$/  {"\2", (void *) \&\2},/p'\'''
lt_cv_sys_global_symbol_to_c_name_address_lib_prefix='sed -n -e '\''s/^: \([^ ]*\) $/  {\"\1\", (void *) 0},/p'\'' -e '\''s/^[ABCDGIRSTW]* \([^ ]*\) \(lib[^ ]*\)$/  {"\2", (void *) \&\2},/p'\'' -e '\''s/^[ABCDGIRSTW]* \([^ ]*\) \([^ ]*\)$/  {"lib\2", (void *) \&\2},/p'\'''
lt_cv_sys_global_symbol_to_cdecl='sed -n -e '\''s/^T .* \(.*\)$/extern int \1();/p'\'' -e '\''s/^[ABCDGIRSTW]* .* \(.*\)$/extern char \1;/p'\'''
lt_cv_sys_max_cmd_len=1572864

## ----------------- ##
## Output variables. ##
## ----------------- ##

ACLOCAL='${SHELL} /home/mcloud/ldy/leveldb/libevent-1.4.14b-stable/missing --run aclocal-1.11'
AMDEPBACKSLASH='\'
AMDEP_FALSE='#'
AMDEP_TRUE=''
AMTAR='${SHELL} /home/mcloud/ldy/leveldb/libevent-1.4.14b-stable/missing --run tar'
AR='ar'
AUTOCONF='${SHELL} /home/mcloud/ldy/leveldb/libevent-1.4.14b-stable/missing --run autoconf'
AUTOHEADER='${SHELL} /home/mcloud/ldy/leveldb/libevent-1.4.14b-stable/missing --run autoheader'
AUTOMAKE='${SHELL} /home/mcloud/ldy/leveldb/libevent-1.4.14b-stable/missing --run automake-1.11'
AWK='gawk'
BUILD_WIN32_FALSE=''
BUILD_WIN32_TRUE='#'
CC='gcc'
CCDEPMODE='depmode=gcc3'
CFLAGS='-g -O2 -Wall -fno-strict-aliasing'
CPP='gcc -E'
CPPFLAGS=''
CYGPATH_W='echo'
DEFS='-DHAVE_CONFIG_H'
DEPDIR='.deps'
DSYMUTIL=''
DUMPBIN=''
ECHO_C=''
ECHO_N='-n'
ECHO_T=''
EGREP='/usr/bin/grep -E'
EXEEXT=''
FGREP='/usr/bin/grep -F'
GREP='/usr/bin/grep'
INSTALL_DATA='${INSTALL} -m 644'
INSTALL_PROGRAM='${INSTALL}'
INSTALL_SCRIPT='${INSTALL}'
INSTALL_STRIP_PROGRAM='$(install_sh) -c -s'
LD='/usr/bin/ld -m elf_x86_64'
LDFLAGS=''
LIBOBJS=' ${LIBOBJDIR}select$U.o ${LIBOBJDIR}poll$U.o ${LIBOBJDIR}epoll$U.o ${LIBOBJDIR}signal$U.o'
LIBS='-lnsl -lrt -lresolv '
LIBTOOL='$(SHELL) $(top_builddir)/libtool'
LIBTOOL_DEPS='./ltmain.sh'
LIPO=''
LN_S='ln -s'
LTLIBOBJS=' ${LIBOBJDIR}select$U.lo ${LIBOBJDIR}poll$U.lo ${LIBOBJDIR}epoll$U.lo ${LIBOBJDIR}signal$U.lo'
MAKEINFO='${SHELL} /home/mcloud/ldy/leveldb/libevent-1.4.14b-stable/missing --run makeinfo'
MKDIR_P='/usr/bin/mkdir -p'
NM='/usr/bin/nm -B'
NMEDIT=''
OBJDUMP='objdump'
OBJEXT='o'
OTOOL64=''
OTOOL=''
PACKAGE='libevent'
PACKAGE_BUGREPORT=''
PACKAGE_NAME=''
PACKAGE_STRING=''
PACKAGE_TARNAME=''
PACKAGE_URL=''
PACKAGE_VERSION=''
PATH_SEPARATOR=':'
RANLIB='ranlib'
SED='/usr/bin/sed'
SET_MAKE=''
SHELL='/bin/sh'
STRIP='strip'
VERSION='1.4.14b-stable'
ac_ct_CC='gcc'
ac_ct_DUMPBIN=''
am__EXEEXT_FALSE=''
am__EXEEXT_TRUE='#'
am__fastdepCC_FALSE='#'
am__fastdepCC_TRUE=''
am__include='include'
am__isrc=''
am__leading_dot='.'
am__quote=''
am__tar='${AMTAR} chof - "$$tardir"'
am__untar='${AMTAR} xf -'
bindir='${exec_prefix}/bin'
build='x86_64-unknown-linux-gnu'
build_alias=''
build_cpu='x86_64'
build_os='linux-gnu'
build_vendor='unknown'
datadir='${datarootdir}'
datarootdir='${prefix}/share'
docdir='${datarootdir}/doc/${PACKAGE}'
dvidir='${docdir}'
exec_prefix='${prefix}'
host='x86_64-unknown-linux-gnu'
host_alias=''
host_cpu='x86_64'
host_os='linux-gnu'
host_vendor='unknown'
htmldir='${docdir}'
includedir='${prefix}/include'
infodir='${datarootdir}/info'
install_sh='${SHELL} /home/mcloud/ldy/leveldb/libevent-1.4.14b-stable/install-sh'
libdir='${exec_prefix}/lib'
libexecdir='${exec_prefix}/libexec'
localedir='${datarootdir}/locale'
localstatedir='${prefix}/var'
lt_ECHO='echo'
mandir='${datarootdir}/man'
mkdir_p='/usr/bin/mkdir -p'
oldincludedir='/usr/include'
pdfdir='${docdir}'
prefix='/usr/local'
program_transform_name='s,x,x,'
psdir='${docdir}'
sbindir='${exec_prefix}/sbin'
sharedstatedir='${prefix}/com'
sysconfdir='${prefix}/etc'
target_alias=''

## ----------- ##
## confdefs.h. ##
## ----------- ##

/* confdefs.h */
#define PACKAGE_NAME ""
#define PACKAGE_TARNAME ""
#define PACKAGE_VERSION ""
#define PACKAGE_STRING ""
#define PACKAGE_BUGREPORT ""
#define PACKAGE_URL ""
#define PACKAGE "libevent"
#define VERSION "1.4.14b-stable"
#define NUMERIC_VERSION 0x01040e00
#define STDC_HEADERS 1
#define HAVE_SYS_TYPES_H 1
#define HAVE_SYS_STAT_H 1
#define HAVE_STDLIB_H 1
#define HAVE_STRING_H 1
#define HAVE_MEMORY_H 1
#define HAVE_STRINGS_H 1
#define HAVE_INTTYPES_H 1
#define HAVE_STDINT_H 1
#define HAVE_UNISTD_H 1
#define HAVE_DLFCN_H 1
#define LT_OBJDIR ".libs/"
#define HAVE_LIBRESOLV 1
#define HAVE_LIBRT 1
#define HAVE_LIBNSL 1
#define STDC_HEADERS 1
#define HAVE_FCNTL_H 1
#define HAVE_STDARG_H 1
#define HAVE_INTTYPES_H 1
#define HAVE_STDINT_H 1
#define HAVE_POLL_H 1
#define HAVE_SIGNAL_H 1
#define HAVE_UNISTD_H 1
#define HAVE_SYS_EPOLL_H 1
#define HAVE_SYS_TIME_H 1
#define HAVE_SYS_QUEUE_H 1
#define HAVE_SYS_PARAM_H 1
#define HAVE_SYS_IOCTL_H 1
#define HAVE_SYS_SELECT_H 1
#define HAVE_SYS_SOCKET_H 1
#define HAVE_TAILQFOREACH 1
#define HAVE_TIMERADD 1
#define HAVE_TIMERCMP 1
#define HAVE_TIMERCLEAR 1
#define HAVE_TIMERISSET 1
#define TIME_WITH_SYS_TIME 1
#define HAVE_GETTIMEOFDAY 1
#define HAVE_VASPRINTF 1
#define HAVE_FCNTL 1
#define HAVE_CLOCK_GETTIME 1
#define HAVE_STRTOK_R 1
#define HAVE_STRSEP 1
#define HAVE_GETADDRINFO 1
#define HAVE_GETNAMEINFO 1
#define HAVE_INET_NTOP 1
#define HAVE_SIGNAL 1
#define HAVE_SIGACTION 1
#define HAVE_STRTOLL 1
#define HAVE_GETEUID 1
#define HAVE_GETEGID 1
#define SIZEOF_LONG 8
#define DNS_USE_CPU_CLOCK_FOR_ID 1
#define HAVE_SETFD 1
#define HAVE_SELECT 1
#define HAVE_POLL 1
#define HAVE_EPOLL_CTL 1
#define HAVE_EPOLL 1
#define HAVE_UINT64_T 1
#define HAVE_UINT32_T 1
#define HAVE_UINT16_T 1
#define HAVE_UINT8_T 1
#define HAVE_FD_MASK 1
#define SIZEOF_LONG_LONG 8
#define SIZEOF_INT 4
#define SIZEOF_SHORT 2
#define HAVE_STRUCT_IN6_ADDR 1

configure: exit 0
